This is pdfTeX, Version 3.14159265-2.6-1.40.19 (TeX Live 2018) (preloaded format=pdftex 2018.4.16)  30 AUG 2018 08:45
entering extended mode
 restricted \write18 enabled.
 file:line:error style messages enabled.
 %&-line parsing enabled.
**ams430ecture1.tex
(./ams430ecture1.tex
./ams430ecture1.tex:1: Undefined control sequence.
l.1 \classheader
                {2018-08-30}
The control sequence at the end of the top line
of your error message was never \def'ed. If you have
misspelled it (e.g., `\hobx'), type `I' and the correct
spelling (e.g., `I\hbox'). Otherwise just continue,
and I'll forget about whatever was undefined.

)
! Emergency stop.
<*> ams430ecture1.tex
                     
*** (job aborted, no legal \end found)

!  ==> Fatal error occurred, no output PDF file produced!
