This is pdfTeX, Version 3.14159265-2.6-1.40.19 (TeX Live 2018) (preloaded format=pdflatex 2018.4.16)  30 AUG 2018 12:51
entering extended mode
 restricted \write18 enabled.
 file:line:error style messages enabled.
 %&-line parsing enabled.
**math302.tex
(./math302.tex
LaTeX2e <2018-04-01> patch level 2
Babel <3.18> and hyphenation patterns for 84 language(s) loaded.
(/usr/local/texlive/2018/texmf-dist/tex/latex/base/article.cls
Document Class: article 2014/09/29 v1.4h Standard LaTeX document class
(/usr/local/texlive/2018/texmf-dist/tex/latex/base/size11.clo
File: size11.clo 2014/09/29 v1.4h Standard LaTeX file (size option)
)
\c@part=\count80
\c@section=\count81
\c@subsection=\count82
\c@subsubsection=\count83
\c@paragraph=\count84
\c@subparagraph=\count85
\c@figure=\count86
\c@table=\count87
\abovecaptionskip=\skip41
\belowcaptionskip=\skip42
\bibindent=\dimen102
) (/usr/local/texlive/2018/texmf-dist/tex/latex/geometry/geometry.sty
Package: geometry 2018/03/24 v5.7 Page Geometry
 (/usr/local/texlive/2018/texmf-dist/tex/latex/graphics/keyval.sty
Package: keyval 2014/10/28 v1.15 key=value parser (DPC)
\KV@toks@=\toks14
) (/usr/local/texlive/2018/texmf-dist/tex/generic/oberdiek/ifpdf.sty
Package: ifpdf 2017/03/15 v3.2 Provides the ifpdf switch
) (/usr/local/texlive/2018/texmf-dist/tex/generic/oberdiek/ifvtex.sty
Package: ifvtex 2016/05/16 v1.6 Detect VTeX and its facilities (HO)
Package ifvtex Info: VTeX not detected.
) (/usr/local/texlive/2018/texmf-dist/tex/generic/ifxetex/ifxetex.sty
Package: ifxetex 2010/09/12 v0.6 Provides ifxetex conditional
)
\Gm@cnth=\count88
\Gm@cntv=\count89
\c@Gm@tempcnt=\count90
\Gm@bindingoffset=\dimen103
\Gm@wd@mp=\dimen104
\Gm@odd@mp=\dimen105
\Gm@even@mp=\dimen106
\Gm@layoutwidth=\dimen107
\Gm@layoutheight=\dimen108
\Gm@layouthoffset=\dimen109
\Gm@layoutvoffset=\dimen110
\Gm@dimlist=\toks15
) (/usr/local/texlive/2018/texmf-dist/tex/latex/amsmath/amsmath.sty
Package: amsmath 2017/09/02 v2.17a AMS math features
\@mathmargin=\skip43

For additional information on amsmath, use the `?' option.
(/usr/local/texlive/2018/texmf-dist/tex/latex/amsmath/amstext.sty
Package: amstext 2000/06/29 v2.01 AMS text
 (/usr/local/texlive/2018/texmf-dist/tex/latex/amsmath/amsgen.sty
File: amsgen.sty 1999/11/30 v2.0 generic functions
\@emptytoks=\toks16
\ex@=\dimen111
)) (/usr/local/texlive/2018/texmf-dist/tex/latex/amsmath/amsbsy.sty
Package: amsbsy 1999/11/29 v1.2d Bold Symbols
\pmbraise@=\dimen112
) (/usr/local/texlive/2018/texmf-dist/tex/latex/amsmath/amsopn.sty
Package: amsopn 2016/03/08 v2.02 operator names
)
\inf@bad=\count91
LaTeX Info: Redefining \frac on input line 213.
\uproot@=\count92
\leftroot@=\count93
LaTeX Info: Redefining \overline on input line 375.
\classnum@=\count94
\DOTSCASE@=\count95
LaTeX Info: Redefining \ldots on input line 472.
LaTeX Info: Redefining \dots on input line 475.
LaTeX Info: Redefining \cdots on input line 596.
\Mathstrutbox@=\box26
\strutbox@=\box27
\big@size=\dimen113
LaTeX Font Info:    Redeclaring font encoding OML on input line 712.
LaTeX Font Info:    Redeclaring font encoding OMS on input line 713.
\macc@depth=\count96
\c@MaxMatrixCols=\count97
\dotsspace@=\muskip10
\c@parentequation=\count98
\dspbrk@lvl=\count99
\tag@help=\toks17
\row@=\count100
\column@=\count101
\maxfields@=\count102
\andhelp@=\toks18
\eqnshift@=\dimen114
\alignsep@=\dimen115
\tagshift@=\dimen116
\tagwidth@=\dimen117
\totwidth@=\dimen118
\lineht@=\dimen119
\@envbody=\toks19
\multlinegap=\skip44
\multlinetaggap=\skip45
\mathdisplay@stack=\toks20
LaTeX Info: Redefining \[ on input line 2817.
LaTeX Info: Redefining \] on input line 2818.
) (/usr/local/texlive/2018/texmf-dist/tex/latex/amsfonts/amssymb.sty
Package: amssymb 2013/01/14 v3.01 AMS font symbols
 (/usr/local/texlive/2018/texmf-dist/tex/latex/amsfonts/amsfonts.sty
Package: amsfonts 2013/01/14 v3.01 Basic AMSFonts support
\symAMSa=\mathgroup4
\symAMSb=\mathgroup5
LaTeX Font Info:    Overwriting math alphabet `\mathfrak' in version `bold'
(Font)                  U/euf/m/n --> U/euf/b/n on input line 106.
)) (/usr/local/texlive/2018/texmf-dist/tex/latex/amscls/amsthm.sty
Package: amsthm 2017/10/31 v2.20.4
\thm@style=\toks21
\thm@bodyfont=\toks22
\thm@headfont=\toks23
\thm@notefont=\toks24
\thm@headpunct=\toks25
\thm@preskip=\skip46
\thm@postskip=\skip47
\thm@headsep=\skip48
\dth@everypar=\toks26
) (/usr/local/texlive/2018/texmf-dist/tex/latex/tools/array.sty
Package: array 2018/04/07 v2.4g Tabular extension package (FMi)
\col@sep=\dimen120
\ar@mcellbox=\box28
\extrarowheight=\dimen121
\NC@list=\toks27
\extratabsurround=\skip49
\backup@length=\skip50
\ar@cellbox=\box29
) (/usr/local/texlive/2018/texmf-dist/tex/latex/parskip/parskip.sty
Package: parskip 2001/04/09 non-zero parskip adjustments
) (/usr/local/texlive/2018/texmf-dist/tex/latex/datetime/datetime.sty
Package: datetime 2015/03/20 v2.60 Date Time Package
 (/usr/local/texlive/2018/texmf-dist/tex/latex/etoolbox/etoolbox.sty
Package: etoolbox 2018/02/11 v2.5e e-TeX tools for LaTeX (JAW)
\etb@tempcnta=\count103
) (/usr/local/texlive/2018/texmf-dist/tex/latex/fmtcount/fmtcount.sty
Package: fmtcount 2017/12/24 v3.05
 (/usr/local/texlive/2018/texmf-dist/tex/latex/base/ifthen.sty
Package: ifthen 2014/09/29 v1.1c Standard LaTeX ifthen package (DPC)
) (/usr/local/texlive/2018/texmf-dist/tex/latex/xkeyval/xkeyval.sty
Package: xkeyval 2014/12/03 v2.7a package option processing (HA)
 (/usr/local/texlive/2018/texmf-dist/tex/generic/xkeyval/xkeyval.tex (/usr/local/texlive/2018/texmf-dist/tex/generic/xkeyval/xkvutils.tex
\XKV@toks=\toks28
\XKV@tempa@toks=\toks29
)
\XKV@depth=\count104
File: xkeyval.tex 2014/12/03 v2.7a key=value parser (HA)
)) (/usr/local/texlive/2018/texmf-dist/tex/latex/fmtcount/fcprefix.sty
Package: fcprefix 2012/09/28
 (/usr/local/texlive/2018/texmf-dist/tex/latex/fmtcount/fcnumparser.sty
Package: fcnumparser 2017/06/15
\fc@digit@counter=\count105
))
\c@padzeroesN=\count106
\fc@tmpcatcode=\count107
\@DT@modctr=\count108
\@ordinalctr=\count109
\@orgargctr=\count110
\@strctr=\count111
\@tmpstrctr=\count112
\@DT@loopN=\count113
\@DT@X=\count114
) (/usr/local/texlive/2018/texmf-dist/tex/latex/datetime/datetime-defaults.sty
Package: datetime-defaults 2013/09/10
)
\@day=\count115
\@month=\count116
\@year=\count117
\c@HOUR=\count118
\c@HOURXII=\count119
\c@MINUTE=\count120
\c@TOHOUR=\count121
\c@TOMINUTE=\count122
\c@SECOND=\count123
\currenthour=\count124
\currentminute=\count125
\currentsecond=\count126
Package datetime Info: No datetime.cfg file found, using default settings on input line 308.
\@dtctr=\count127
\dayofyear=\count128
\dayofweek=\count129
LaTeX Info: Redefining \today on input line 736.
\dt@a=\toks30
\dt@b=\toks31
) (/usr/local/texlive/2018/texmf-dist/tex/latex/amsfonts/eucal.sty
Package: eucal 2009/06/22 v3.00 Euler Script fonts
LaTeX Font Info:    Overwriting math alphabet `\EuScript' in version `bold'
(Font)                  U/eus/m/n --> U/eus/b/n on input line 33.
)
\c@lecture=\count130
\c@tN=\count131
\c@dN=\count132
\c@lN=\count133
\c@rN=\count134
\c@cN=\count135
\c@eN=\count136
\c@pN=\count137
 (/usr/local/texlive/2018/texmf-dist/tex/latex/titlesec/titlesec.sty
Package: titlesec 2016/03/21 v2.10.2 Sectioning titles
\ttl@box=\box30
\beforetitleunit=\skip51
\aftertitleunit=\skip52
\ttl@plus=\dimen122
\ttl@minus=\dimen123
\ttl@toksa=\toks32
\titlewidth=\dimen124
\titlewidthlast=\dimen125
\titlewidthfirst=\dimen126
) (/usr/local/texlive/2018/texmf-dist/tex/latex/xcolor/xcolor.sty
Package: xcolor 2016/05/11 v2.12 LaTeX color extensions (UK)
 (/usr/local/texlive/2018/texmf-dist/tex/latex/graphics-cfg/color.cfg
File: color.cfg 2016/01/02 v1.6 sample color configuration
)
Package xcolor Info: Package option `usenames' ignored on input line 216.
Package xcolor Info: Driver file: pdftex.def on input line 225.
 (/usr/local/texlive/2018/texmf-dist/tex/latex/graphics-def/pdftex.def
File: pdftex.def 2018/01/08 v1.0l Graphics/color driver for pdftex
)
Package xcolor Info: Model `cmy' substituted by `cmy0' on input line 1348.
Package xcolor Info: Model `hsb' substituted by `rgb' on input line 1352.
Package xcolor Info: Model `RGB' extended on input line 1364.
Package xcolor Info: Model `HTML' substituted by `rgb' on input line 1366.
Package xcolor Info: Model `Hsb' substituted by `hsb' on input line 1367.
Package xcolor Info: Model `tHsb' substituted by `hsb' on input line 1368.
Package xcolor Info: Model `HSB' substituted by `hsb' on input line 1369.
Package xcolor Info: Model `Gray' substituted by `gray' on input line 1370.
Package xcolor Info: Model `wave' substituted by `hsb' on input line 1371.
 (/usr/local/texlive/2018/texmf-dist/tex/latex/graphics/dvipsnam.def
File: dvipsnam.def 2016/06/17 v3.0m Driver-dependent file (DPC,SPQR)
)) (/usr/local/texlive/2018/texmf-dist/tex/latex/caption/caption.sty
Package: caption 2016/02/21 v3.3-144 Customizing captions (AR)
 (/usr/local/texlive/2018/texmf-dist/tex/latex/caption/caption3.sty
Package: caption3 2016/05/22 v1.7-166 caption3 kernel (AR)
Package caption3 Info: TeX engine: e-TeX on input line 67.
\captionmargin=\dimen127
\captionmargin@=\dimen128
\captionwidth=\dimen129
\caption@tempdima=\dimen130
\caption@indent=\dimen131
\caption@parindent=\dimen132
\caption@hangindent=\dimen133
)
\c@ContinuedFloat=\count138
) (/usr/local/texlive/2018/texmf-dist/tex/latex/graphics/graphicx.sty
Package: graphicx 2017/06/01 v1.1a Enhanced LaTeX Graphics (DPC,SPQR)
 (/usr/local/texlive/2018/texmf-dist/tex/latex/graphics/graphics.sty
Package: graphics 2017/06/25 v1.2c Standard LaTeX Graphics (DPC,SPQR)
 (/usr/local/texlive/2018/texmf-dist/tex/latex/graphics/trig.sty
Package: trig 2016/01/03 v1.10 sin cos tan (DPC)
)
(/usr/local/texlive/2018/texmf-dist/tex/latex/graphics-cfg/graphics.cfg
File: graphics.cfg 2016/06/04 v1.11 sample graphics configuration
)
Package graphics Info: Driver file: pdftex.def on input line 99.
)
\Gin@req@height=\dimen134
\Gin@req@width=\dimen135
) (/usr/local/texlive/2018/texmf-dist/tex/latex/pgf/frontendlayer/tikz.sty (/usr/local/texlive/2018/texmf-dist/tex/latex/pgf/basiclayer/pgf.sty (/usr/local/texlive/2018/texmf-dist/tex/latex/pgf/utilities/pgfrcs.sty (/usr/local/texlive/2018/texmf-dist/tex/generic/pgf/utilities/pgfutil-common.tex
\pgfutil@everybye=\toks33
\pgfutil@tempdima=\dimen136
\pgfutil@tempdimb=\dimen137
 (/usr/local/texlive/2018/texmf-dist/tex/generic/pgf/utilities/pgfutil-common-lists.tex)) (/usr/local/texlive/2018/texmf-dist/tex/generic/pgf/utilities/pgfutil-latex.def
\pgfutil@abb=\box31
 (/usr/local/texlive/2018/texmf-dist/tex/latex/ms/everyshi.sty
Package: everyshi 2001/05/15 v3.00 EveryShipout Package (MS)
)) (/usr/local/texlive/2018/texmf-dist/tex/generic/pgf/utilities/pgfrcs.code.tex
Package: pgfrcs 2015/08/07 v3.0.1a (rcs-revision 1.31)
))
Package: pgf 2015/08/07 v3.0.1a (rcs-revision 1.15)
 (/usr/local/texlive/2018/texmf-dist/tex/latex/pgf/basiclayer/pgfcore.sty (/usr/local/texlive/2018/texmf-dist/tex/latex/pgf/systemlayer/pgfsys.sty (/usr/local/texlive/2018/texmf-dist/tex/generic/pgf/systemlayer/pgfsys.code.tex
Package: pgfsys 2014/07/09 v3.0.1a (rcs-revision 1.48)
 (/usr/local/texlive/2018/texmf-dist/tex/generic/pgf/utilities/pgfkeys.code.tex
\pgfkeys@pathtoks=\toks34
\pgfkeys@temptoks=\toks35
 (/usr/local/texlive/2018/texmf-dist/tex/generic/pgf/utilities/pgfkeysfiltered.code.tex
\pgfkeys@tmptoks=\toks36
))
\pgf@x=\dimen138
\pgf@y=\dimen139
\pgf@xa=\dimen140
\pgf@ya=\dimen141
\pgf@xb=\dimen142
\pgf@yb=\dimen143
\pgf@xc=\dimen144
\pgf@yc=\dimen145
\w@pgf@writea=\write3
\r@pgf@reada=\read1
\c@pgf@counta=\count139
\c@pgf@countb=\count140
\c@pgf@countc=\count141
\c@pgf@countd=\count142
\t@pgf@toka=\toks37
\t@pgf@tokb=\toks38
\t@pgf@tokc=\toks39
 (/usr/local/texlive/2018/texmf-dist/tex/generic/pgf/systemlayer/pgf.cfg
File: pgf.cfg 2008/05/14  (rcs-revision 1.7)
)
Driver file for pgf: pgfsys-pdftex.def
 (/usr/local/texlive/2018/texmf-dist/tex/generic/pgf/systemlayer/pgfsys-pdftex.def
File: pgfsys-pdftex.def 2014/10/11  (rcs-revision 1.35)
 (/usr/local/texlive/2018/texmf-dist/tex/generic/pgf/systemlayer/pgfsys-common-pdf.def
File: pgfsys-common-pdf.def 2013/10/10  (rcs-revision 1.13)
))) (/usr/local/texlive/2018/texmf-dist/tex/generic/pgf/systemlayer/pgfsyssoftpath.code.tex
File: pgfsyssoftpath.code.tex 2013/09/09  (rcs-revision 1.9)
\pgfsyssoftpath@smallbuffer@items=\count143
\pgfsyssoftpath@bigbuffer@items=\count144
) (/usr/local/texlive/2018/texmf-dist/tex/generic/pgf/systemlayer/pgfsysprotocol.code.tex
File: pgfsysprotocol.code.tex 2006/10/16  (rcs-revision 1.4)
)) (/usr/local/texlive/2018/texmf-dist/tex/generic/pgf/basiclayer/pgfcore.code.tex
Package: pgfcore 2010/04/11 v3.0.1a (rcs-revision 1.7)
 (/usr/local/texlive/2018/texmf-dist/tex/generic/pgf/math/pgfmath.code.tex (/usr/local/texlive/2018/texmf-dist/tex/generic/pgf/math/pgfmathcalc.code.tex (/usr/local/texlive/2018/texmf-dist/tex/generic/pgf/math/pgfmathutil.code.tex) (/usr/local/texlive/2018/texmf-dist/tex/generic/pgf/math/pgfmathparser.code.tex
\pgfmath@dimen=\dimen146
\pgfmath@count=\count145
\pgfmath@box=\box32
\pgfmath@toks=\toks40
\pgfmath@stack@operand=\toks41
\pgfmath@stack@operation=\toks42
) (/usr/local/texlive/2018/texmf-dist/tex/generic/pgf/math/pgfmathfunctions.code.tex
(/usr/local/texlive/2018/texmf-dist/tex/generic/pgf/math/pgfmathfunctions.basic.code.tex) (/usr/local/texlive/2018/texmf-dist/tex/generic/pgf/math/pgfmathfunctions.trigonometric.code.tex) (/usr/local/texlive/2018/texmf-dist/tex/generic/pgf/math/pgfmathfunctions.random.code.tex) (/usr/local/texlive/2018/texmf-dist/tex/generic/pgf/math/pgfmathfunctions.comparison.code.tex) (/usr/local/texlive/2018/texmf-dist/tex/generic/pgf/math/pgfmathfunctions.base.code.tex) (/usr/local/texlive/2018/texmf-dist/tex/generic/pgf/math/pgfmathfunctions.round.code.tex) (/usr/local/texlive/2018/texmf-dist/tex/generic/pgf/math/pgfmathfunctions.misc.code.tex) (/usr/local/texlive/2018/texmf-dist/tex/generic/pgf/math/pgfmathfunctions.integerarithmetics.code.tex))) (/usr/local/texlive/2018/texmf-dist/tex/generic/pgf/math/pgfmathfloat.code.tex
\c@pgfmathroundto@lastzeros=\count146
)) (/usr/local/texlive/2018/texmf-dist/tex/generic/pgf/basiclayer/pgfcorepoints.code.tex
File: pgfcorepoints.code.tex 2013/10/07  (rcs-revision 1.27)
\pgf@picminx=\dimen147
\pgf@picmaxx=\dimen148
\pgf@picminy=\dimen149
\pgf@picmaxy=\dimen150
\pgf@pathminx=\dimen151
\pgf@pathmaxx=\dimen152
\pgf@pathminy=\dimen153
\pgf@pathmaxy=\dimen154
\pgf@xx=\dimen155
\pgf@xy=\dimen156
\pgf@yx=\dimen157
\pgf@yy=\dimen158
\pgf@zx=\dimen159
\pgf@zy=\dimen160
) (/usr/local/texlive/2018/texmf-dist/tex/generic/pgf/basiclayer/pgfcorepathconstruct.code.tex
File: pgfcorepathconstruct.code.tex 2013/10/07  (rcs-revision 1.29)
\pgf@path@lastx=\dimen161
\pgf@path@lasty=\dimen162
) (/usr/local/texlive/2018/texmf-dist/tex/generic/pgf/basiclayer/pgfcorepathusage.code.tex
File: pgfcorepathusage.code.tex 2014/11/02  (rcs-revision 1.24)
\pgf@shorten@end@additional=\dimen163
\pgf@shorten@start@additional=\dimen164
) (/usr/local/texlive/2018/texmf-dist/tex/generic/pgf/basiclayer/pgfcorescopes.code.tex
File: pgfcorescopes.code.tex 2015/05/08  (rcs-revision 1.46)
\pgfpic=\box33
\pgf@hbox=\box34
\pgf@layerbox@main=\box35
\pgf@picture@serial@count=\count147
) (/usr/local/texlive/2018/texmf-dist/tex/generic/pgf/basiclayer/pgfcoregraphicstate.code.tex
File: pgfcoregraphicstate.code.tex 2014/11/02  (rcs-revision 1.12)
\pgflinewidth=\dimen165
) (/usr/local/texlive/2018/texmf-dist/tex/generic/pgf/basiclayer/pgfcoretransformations.code.tex
File: pgfcoretransformations.code.tex 2015/08/07  (rcs-revision 1.20)
\pgf@pt@x=\dimen166
\pgf@pt@y=\dimen167
\pgf@pt@temp=\dimen168
) (/usr/local/texlive/2018/texmf-dist/tex/generic/pgf/basiclayer/pgfcorequick.code.tex
File: pgfcorequick.code.tex 2008/10/09  (rcs-revision 1.3)
) (/usr/local/texlive/2018/texmf-dist/tex/generic/pgf/basiclayer/pgfcoreobjects.code.tex
File: pgfcoreobjects.code.tex 2006/10/11  (rcs-revision 1.2)
) (/usr/local/texlive/2018/texmf-dist/tex/generic/pgf/basiclayer/pgfcorepathprocessing.code.tex
File: pgfcorepathprocessing.code.tex 2013/09/09  (rcs-revision 1.9)
) (/usr/local/texlive/2018/texmf-dist/tex/generic/pgf/basiclayer/pgfcorearrows.code.tex
File: pgfcorearrows.code.tex 2015/05/14  (rcs-revision 1.43)
\pgfarrowsep=\dimen169
) (/usr/local/texlive/2018/texmf-dist/tex/generic/pgf/basiclayer/pgfcoreshade.code.tex
File: pgfcoreshade.code.tex 2013/07/15  (rcs-revision 1.15)
\pgf@max=\dimen170
\pgf@sys@shading@range@num=\count148
) (/usr/local/texlive/2018/texmf-dist/tex/generic/pgf/basiclayer/pgfcoreimage.code.tex
File: pgfcoreimage.code.tex 2013/07/15  (rcs-revision 1.18)
 (/usr/local/texlive/2018/texmf-dist/tex/generic/pgf/basiclayer/pgfcoreexternal.code.tex
File: pgfcoreexternal.code.tex 2014/07/09  (rcs-revision 1.21)
\pgfexternal@startupbox=\box36
))
(/usr/local/texlive/2018/texmf-dist/tex/generic/pgf/basiclayer/pgfcorelayers.code.tex
File: pgfcorelayers.code.tex 2013/07/18  (rcs-revision 1.7)
) (/usr/local/texlive/2018/texmf-dist/tex/generic/pgf/basiclayer/pgfcoretransparency.code.tex
File: pgfcoretransparency.code.tex 2013/09/30  (rcs-revision 1.5)
) (/usr/local/texlive/2018/texmf-dist/tex/generic/pgf/basiclayer/pgfcorepatterns.code.tex
File: pgfcorepatterns.code.tex 2013/11/07  (rcs-revision 1.5)
))) (/usr/local/texlive/2018/texmf-dist/tex/generic/pgf/modules/pgfmoduleshapes.code.tex
File: pgfmoduleshapes.code.tex 2014/03/21  (rcs-revision 1.35)
\pgfnodeparttextbox=\box37
) (/usr/local/texlive/2018/texmf-dist/tex/generic/pgf/modules/pgfmoduleplot.code.tex
File: pgfmoduleplot.code.tex 2015/08/03  (rcs-revision 1.13)
) (/usr/local/texlive/2018/texmf-dist/tex/latex/pgf/compatibility/pgfcomp-version-0-65.sty
Package: pgfcomp-version-0-65 2007/07/03 v3.0.1a (rcs-revision 1.7)
\pgf@nodesepstart=\dimen171
\pgf@nodesepend=\dimen172
) (/usr/local/texlive/2018/texmf-dist/tex/latex/pgf/compatibility/pgfcomp-version-1-18.sty
Package: pgfcomp-version-1-18 2007/07/23 v3.0.1a (rcs-revision 1.1)
)) (/usr/local/texlive/2018/texmf-dist/tex/latex/pgf/utilities/pgffor.sty (/usr/local/texlive/2018/texmf-dist/tex/latex/pgf/utilities/pgfkeys.sty (/usr/local/texlive/2018/texmf-dist/tex/generic/pgf/utilities/pgfkeys.code.tex)) (/usr/local/texlive/2018/texmf-dist/tex/latex/pgf/math/pgfmath.sty (/usr/local/texlive/2018/texmf-dist/tex/generic/pgf/math/pgfmath.code.tex)) (/usr/local/texlive/2018/texmf-dist/tex/generic/pgf/utilities/pgffor.code.tex
Package: pgffor 2013/12/13 v3.0.1a (rcs-revision 1.25)
 (/usr/local/texlive/2018/texmf-dist/tex/generic/pgf/math/pgfmath.code.tex)
\pgffor@iter=\dimen173
\pgffor@skip=\dimen174
\pgffor@stack=\toks43
\pgffor@toks=\toks44
)) (/usr/local/texlive/2018/texmf-dist/tex/generic/pgf/frontendlayer/tikz/tikz.code.tex
Package: tikz 2015/08/07 v3.0.1a (rcs-revision 1.151)
 (/usr/local/texlive/2018/texmf-dist/tex/generic/pgf/libraries/pgflibraryplothandlers.code.tex
File: pgflibraryplothandlers.code.tex 2013/08/31 v3.0.1a (rcs-revision 1.20)
\pgf@plot@mark@count=\count149
\pgfplotmarksize=\dimen175
)
\tikz@lastx=\dimen176
\tikz@lasty=\dimen177
\tikz@lastxsaved=\dimen178
\tikz@lastysaved=\dimen179
\tikzleveldistance=\dimen180
\tikzsiblingdistance=\dimen181
\tikz@figbox=\box38
\tikz@figbox@bg=\box39
\tikz@tempbox=\box40
\tikz@tempbox@bg=\box41
\tikztreelevel=\count150
\tikznumberofchildren=\count151
\tikznumberofcurrentchild=\count152
\tikz@fig@count=\count153
 (/usr/local/texlive/2018/texmf-dist/tex/generic/pgf/modules/pgfmodulematrix.code.tex
File: pgfmodulematrix.code.tex 2013/09/17  (rcs-revision 1.8)
\pgfmatrixcurrentrow=\count154
\pgfmatrixcurrentcolumn=\count155
\pgf@matrix@numberofcolumns=\count156
)
\tikz@expandcount=\count157
 (/usr/local/texlive/2018/texmf-dist/tex/generic/pgf/frontendlayer/tikz/libraries/tikzlibrarytopaths.code.tex
File: tikzlibrarytopaths.code.tex 2008/06/17 v3.0.1a (rcs-revision 1.2)
))) (/usr/local/texlive/2018/texmf-dist/tex/generic/pgf/frontendlayer/tikz/libraries/tikzlibrarydecorations.text.code.tex (/usr/local/texlive/2018/texmf-dist/tex/generic/pgf/frontendlayer/tikz/libraries/tikzlibrarydecorations.code.tex (/usr/local/texlive/2018/texmf-dist/tex/generic/pgf/modules/pgfmoduledecorations.code.tex
\pgfdecoratedcompleteddistance=\dimen182
\pgfdecoratedremainingdistance=\dimen183
\pgfdecoratedinputsegmentcompleteddistance=\dimen184
\pgfdecoratedinputsegmentremainingdistance=\dimen185
\pgf@decorate@distancetomove=\dimen186
\pgf@decorate@repeatstate=\count158
\pgfdecorationsegmentamplitude=\dimen187
\pgfdecorationsegmentlength=\dimen188
)
\tikz@lib@dec@box=\box42
) (/usr/local/texlive/2018/texmf-dist/tex/generic/pgf/libraries/decorations/pgflibrarydecorations.text.code.tex
\pgf@lib@dec@text@box=\box43
)
\tikz@lib@dec@te@box=\box44
) (/usr/local/texlive/2018/texmf-dist/tex/latex/tikz-cd/tikz-cd.sty
Package: tikz-cd 2014/10/30 v0.9e Commutative diagrams with tikz

(/usr/local/texlive/2018/texmf-dist/tex/generic/tikz-cd/tikzlibrarycd.code.tex (/usr/local/texlive/2018/texmf-dist/tex/generic/pgf/frontendlayer/tikz/libraries/tikzlibrarymatrix.code.tex
File: tikzlibrarymatrix.code.tex 2013/07/12 v3.0.1a (rcs-revision 1.4)
) (/usr/local/texlive/2018/texmf-dist/tex/generic/pgf/frontendlayer/tikz/libraries/tikzlibraryquotes.code.tex
File: tikzlibraryquotes.code.tex 2014/03/21 v3.0.1a (rcs-revision 1.4)
) (/usr/local/texlive/2018/texmf-dist/tex/generic/pgf/libraries/pgflibraryarrows.meta.code.tex
File: pgflibraryarrows.meta.code.tex 2015/05/13 v3.0.1a (rcs-revision 1.13)
\pgfarrowinset=\dimen189
\pgfarrowlength=\dimen190
\pgfarrowwidth=\dimen191
\pgfarrowlinewidth=\dimen192
))) (/usr/local/texlive/2018/texmf-dist/tex/latex/pgfplots/pgfplots.sty (/usr/local/texlive/2018/texmf-dist/tex/generic/pgfplots/pgfplots.revision.tex)
Package: pgfplots 2018/03/28 v1.16 Data Visualization (1.16)
 (/usr/local/texlive/2018/texmf-dist/tex/generic/pgfplots/pgfplots.code.tex (/usr/local/texlive/2018/texmf-dist/tex/generic/pgfplots/pgfplotscore.code.tex
\t@pgfplots@toka=\toks45
\t@pgfplots@tokb=\toks46
\t@pgfplots@tokc=\toks47
\pgfplots@tmpa=\dimen193
\c@pgfplots@coordindex=\count159
\c@pgfplots@scanlineindex=\count160
 (/usr/local/texlive/2018/texmf-dist/tex/generic/pgfplots/sys/pgfplotssysgeneric.code.tex)) (/usr/local/texlive/2018/texmf-dist/tex/generic/pgfplots/libs/pgfplotslibrary.code.tex) (/usr/local/texlive/2018/texmf-dist/tex/generic/pgfplots/oldpgfcompatib/pgfplotsoldpgfsupp_loader.code.tex (/usr/local/texlive/2018/texmf-dist/tex/generic/pgf/libraries/pgflibraryfpu.code.tex)
Package pgfplots: loading complementary arithmetics for your pgf version...
(/usr/local/texlive/2018/texmf-dist/tex/generic/pgfplots/oldpgfcompatib/pgfplotsoldpgfsupp_pgflibraryfpu.code.tex) (/usr/local/texlive/2018/texmf-dist/tex/generic/pgfplots/oldpgfcompatib/pgfplotsoldpgfsupp_pgfmathfloat.code.tex
\c@pgfmathroundto@lastzeros=\count161
) (/usr/local/texlive/2018/texmf-dist/tex/generic/pgfplots/oldpgfcompatib/pgfplotsoldpgfsupp_leq.code.tex)) (/usr/local/texlive/2018/texmf-dist/tex/generic/pgfplots/util/pgfplotsutil.code.tex (/usr/local/texlive/2018/texmf-dist/tex/generic/pgfplots/liststructure/pgfplotsliststructure.code.tex) (/usr/local/texlive/2018/texmf-dist/tex/generic/pgfplots/liststructure/pgfplotsliststructureext.code.tex) (/usr/local/texlive/2018/texmf-dist/tex/generic/pgfplots/liststructure/pgfplotsarray.code.tex
\c@pgfplotsarray@tmp=\count162
) (/usr/local/texlive/2018/texmf-dist/tex/generic/pgfplots/liststructure/pgfplotsmatrix.code.tex) (/usr/local/texlive/2018/texmf-dist/tex/generic/pgfplots/numtable/pgfplotstableshared.code.tex
\c@pgfplotstable@counta=\count163
\t@pgfplotstable@a=\toks48
) (/usr/local/texlive/2018/texmf-dist/tex/generic/pgfplots/liststructure/pgfplotsdeque.code.tex) (/usr/local/texlive/2018/texmf-dist/tex/generic/pgfplots/util/pgfplotsbinary.code.tex (/usr/local/texlive/2018/texmf-dist/tex/generic/pgfplots/util/pgfplotsbinary.data.code.tex)) (/usr/local/texlive/2018/texmf-dist/tex/generic/pgfplots/util/pgfplotsutil.verb.code.tex) (/usr/local/texlive/2018/texmf-dist/tex/generic/pgfplots/libs/pgflibrarypgfplots.surfshading.code.tex
\c@pgfplotslibrarysurf@no=\count164
 (/usr/local/texlive/2018/texmf-dist/tex/generic/pgfplots/sys/pgflibrarypgfplots.surfshading.pgfsys-pdftex.def))) (/usr/local/texlive/2018/texmf-dist/tex/generic/pgfplots/util/pgfplotscolormap.code.tex (/usr/local/texlive/2018/texmf-dist/tex/generic/pgfplots/util/pgfplotscolor.code.tex)) (/usr/local/texlive/2018/texmf-dist/tex/generic/pgfplots/pgfplotsstackedplots.code.tex) (/usr/local/texlive/2018/texmf-dist/tex/generic/pgfplots/pgfplotsplothandlers.code.tex (/usr/local/texlive/2018/texmf-dist/tex/generic/pgfplots/pgfplotsmeshplothandler.code.tex (/usr/local/texlive/2018/texmf-dist/tex/generic/pgfplots/pgfplotsmeshplotimage.code.tex)))
(/usr/local/texlive/2018/texmf-dist/tex/generic/pgfplots/pgfplots.scaling.code.tex) (/usr/local/texlive/2018/texmf-dist/tex/generic/pgfplots/pgfplotscoordprocessing.code.tex) (/usr/local/texlive/2018/texmf-dist/tex/generic/pgfplots/pgfplots.errorbars.code.tex) (/usr/local/texlive/2018/texmf-dist/tex/generic/pgfplots/pgfplots.markers.code.tex) (/usr/local/texlive/2018/texmf-dist/tex/generic/pgfplots/pgfplotsticks.code.tex) (/usr/local/texlive/2018/texmf-dist/tex/generic/pgfplots/pgfplots.paths.code.tex) (/usr/local/texlive/2018/texmf-dist/tex/generic/pgf/frontendlayer/tikz/libraries/tikzlibrarydecorations.pathmorphing.code.tex (/usr/local/texlive/2018/texmf-dist/tex/generic/pgf/libraries/decorations/pgflibrarydecorations.pathmorphing.code.tex)) (/usr/local/texlive/2018/texmf-dist/tex/generic/pgf/frontendlayer/tikz/libraries/tikzlibrarydecorations.pathreplacing.code.tex (/usr/local/texlive/2018/texmf-dist/tex/generic/pgf/libraries/decorations/pgflibrarydecorations.pathreplacing.code.tex))
\pgfplots@numplots=\count165
\pgfplots@xmin@reg=\dimen194
\pgfplots@xmax@reg=\dimen195
\pgfplots@ymin@reg=\dimen196
\pgfplots@ymax@reg=\dimen197
\pgfplots@zmin@reg=\dimen198
\pgfplots@zmax@reg=\dimen199
) (/usr/local/texlive/2018/texmf-dist/tex/generic/pgf/frontendlayer/tikz/libraries/tikzlibraryplotmarks.code.tex
File: tikzlibraryplotmarks.code.tex 2008/01/09 v3.0.1a (rcs-revision 1.1)
 (/usr/local/texlive/2018/texmf-dist/tex/generic/pgf/libraries/pgflibraryplotmarks.code.tex
File: pgflibraryplotmarks.code.tex 2015/08/03 v3.0.1a (rcs-revision 1.14)
))) (/usr/local/texlive/2018/texmf-dist/tex/generic/pgf/frontendlayer/tikz/libraries/tikzlibraryarrows.code.tex
File: tikzlibraryarrows.code.tex 2008/01/09 v3.0.1a (rcs-revision 1.1)
 (/usr/local/texlive/2018/texmf-dist/tex/generic/pgf/libraries/pgflibraryarrows.code.tex
File: pgflibraryarrows.code.tex 2013/09/23 v3.0.1a (rcs-revision 1.16)
\arrowsize=\dimen256
)) (/usr/local/texlive/2018/texmf-dist/tex/generic/pgf/frontendlayer/tikz/libraries/tikzlibrarycalc.code.tex
File: tikzlibrarycalc.code.tex 2013/07/15 v3.0.1a (rcs-revision 1.9)
) (/usr/local/texlive/2018/texmf-dist/tex/generic/pgf/frontendlayer/tikz/libraries/tikzlibrarydecorations.markings.code.tex (/usr/local/texlive/2018/texmf-dist/tex/generic/pgf/libraries/decorations/pgflibrarydecorations.markings.code.tex)) (/usr/local/texlive/2018/texmf-dist/tex/generic/pgf/frontendlayer/tikz/libraries/tikzlibraryfadings.code.tex
File: tikzlibraryfadings.code.tex 2009/11/15 v3.0.1a (rcs-revision 1.2)
 (/usr/local/texlive/2018/texmf-dist/tex/generic/pgf/libraries/pgflibraryfadings.code.tex
File: pgflibraryfadings.code.tex 2008/02/07 v3.0.1a (rcs-revision 1.3)
))
(/usr/local/texlive/2018/texmf-dist/tex/generic/pgf/frontendlayer/tikz/libraries/tikzlibrarypositioning.code.tex
File: tikzlibrarypositioning.code.tex 2008/10/06 v3.0.1a (rcs-revision 1.7)
) (/usr/local/texlive/2018/texmf-dist/tex/generic/pgf/frontendlayer/tikz/libraries/tikzlibrarypatterns.code.tex
File: tikzlibrarypatterns.code.tex 2008/01/15 v3.0.1a (rcs-revision 1.2)
 (/usr/local/texlive/2018/texmf-dist/tex/generic/pgf/libraries/pgflibrarypatterns.code.tex
File: pgflibrarypatterns.code.tex 2008/03/03 v3.0.1a (rcs-revision 1.13)
)) (/usr/local/texlive/2018/texmf-dist/tex/generic/pgf/frontendlayer/tikz/libraries/tikzlibraryshapes.code.tex
File: tikzlibraryshapes.code.tex 2008/01/09 v3.0.1a (rcs-revision 1.1)
 (/usr/local/texlive/2018/texmf-dist/tex/generic/pgf/frontendlayer/tikz/libraries/tikzlibraryshapes.geometric.code.tex
File: tikzlibraryshapes.geometric.code.tex 2008/01/09 v3.0.1a (rcs-revision 1.1)
 (/usr/local/texlive/2018/texmf-dist/tex/generic/pgf/libraries/shapes/pgflibraryshapes.geometric.code.tex
File: pgflibraryshapes.geometric.code.tex 2008/06/26 v3.0.1a (rcs-revision 1.1)
)) (/usr/local/texlive/2018/texmf-dist/tex/generic/pgf/frontendlayer/tikz/libraries/tikzlibraryshapes.misc.code.tex
File: tikzlibraryshapes.misc.code.tex 2008/01/09 v3.0.1a (rcs-revision 1.1)
 (/usr/local/texlive/2018/texmf-dist/tex/generic/pgf/libraries/shapes/pgflibraryshapes.misc.code.tex
File: pgflibraryshapes.misc.code.tex 2013/07/18 v3.0.1a (rcs-revision 1.5)
)) (/usr/local/texlive/2018/texmf-dist/tex/generic/pgf/frontendlayer/tikz/libraries/tikzlibraryshapes.symbols.code.tex
File: tikzlibraryshapes.symbols.code.tex 2008/01/09 v3.0.1a (rcs-revision 1.1)
 (/usr/local/texlive/2018/texmf-dist/tex/generic/pgf/libraries/shapes/pgflibraryshapes.symbols.code.tex
File: pgflibraryshapes.symbols.code.tex 2013/09/11 v3.0.1a (rcs-revision 1.6)
)) (/usr/local/texlive/2018/texmf-dist/tex/generic/pgf/frontendlayer/tikz/libraries/tikzlibraryshapes.arrows.code.tex
File: tikzlibraryshapes.arrows.code.tex 2008/01/09 v3.0.1a (rcs-revision 1.1)
 (/usr/local/texlive/2018/texmf-dist/tex/generic/pgf/libraries/shapes/pgflibraryshapes.arrows.code.tex
File: pgflibraryshapes.arrows.code.tex 2008/06/26 v3.0.1a (rcs-revision 1.1)
)) (/usr/local/texlive/2018/texmf-dist/tex/generic/pgf/frontendlayer/tikz/libraries/tikzlibraryshapes.callouts.code.tex (/usr/local/texlive/2018/texmf-dist/tex/generic/pgf/libraries/shapes/pgflibraryshapes.callouts.code.tex)) (/usr/local/texlive/2018/texmf-dist/tex/generic/pgf/frontendlayer/tikz/libraries/tikzlibraryshapes.multipart.code.tex
File: tikzlibraryshapes.multipart.code.tex 2008/01/09 v3.0.1a (rcs-revision 1.1)
 (/usr/local/texlive/2018/texmf-dist/tex/generic/pgf/libraries/shapes/pgflibraryshapes.multipart.code.tex
File: pgflibraryshapes.multipart.code.tex 2010/01/07 v3.0.1a (rcs-revision 1.2)
\pgfnodepartlowerbox=\box45
\pgfnodeparttwobox=\box46
\pgfnodepartthreebox=\box47
\pgfnodepartfourbox=\box48
\pgfnodeparttwentybox=\box49
\pgfnodepartnineteenbox=\box50
\pgfnodeparteighteenbox=\box51
\pgfnodepartseventeenbox=\box52
\pgfnodepartsixteenbox=\box53
\pgfnodepartfifteenbox=\box54
\pgfnodepartfourteenbox=\box55
\pgfnodepartthirteenbox=\box56
\pgfnodeparttwelvebox=\box57
\pgfnodepartelevenbox=\box58
\pgfnodeparttenbox=\box59
\pgfnodepartninebox=\box60
\pgfnodeparteightbox=\box61
\pgfnodepartsevenbox=\box62
\pgfnodepartsixbox=\box63
\pgfnodepartfivebox=\box64
))) (/usr/local/texlive/2018/texmf-dist/tex/latex/enumitem/enumitem.sty
Package: enumitem 2011/09/28 v3.5.2 Customized lists
\labelindent=\skip53
\enit@outerparindent=\dimen257
\enit@toks=\toks49
\enit@inbox=\box65
\enitdp@description=\count166
) (/usr/local/texlive/2018/texmf-dist/tex/latex/base/latexsym.sty
Package: latexsym 1998/08/17 v2.2e Standard LaTeX package (lasy symbols)
\symlasy=\mathgroup6
LaTeX Font Info:    Overwriting symbol font `lasy' in version `bold'
(Font)                  U/lasy/m/n --> U/lasy/b/n on input line 52.
) (/usr/local/texlive/2018/texmf-dist/tex/latex/bezos/accents.sty
Package: accents 2006/05/12 v1.3 Math Accent Tools
\cc@skew=\dimen258
\cc@wd=\dimen259
\cc@code=\count167
\cc@group=\count168
\cc@skewchar=\count169
) (/usr/local/texlive/2018/texmf-dist/tex/latex/relsize/relsize.sty
Package: relsize 2013/03/29 ver 4.1
)
(/usr/local/texlive/2018/texmf-dist/tex/latex/cancel/cancel.sty
Package: cancel 2013/04/12 v2.2 Cancel math terms
) (/usr/local/texlive/2018/texmf-dist/tex/latex/tcolorbox/tcolorbox.sty
Package: tcolorbox 2018/03/22 version 4.13 text color boxes
 (/usr/local/texlive/2018/texmf-dist/tex/latex/tools/verbatim.sty
Package: verbatim 2014/10/28 v1.5q LaTeX2e package for verbatim enhancements
\every@verbatim=\toks50
\verbatim@line=\toks51
\verbatim@in@stream=\read2
) (/usr/local/texlive/2018/texmf-dist/tex/latex/environ/environ.sty
Package: environ 2014/05/04 v0.3 A new way to define environments
 (/usr/local/texlive/2018/texmf-dist/tex/latex/trimspaces/trimspaces.sty
Package: trimspaces 2009/09/17 v1.1 Trim spaces around a token list
))
\tcb@titlebox=\box66
\tcb@upperbox=\box67
\tcb@lowerbox=\box68
\tcb@phantombox=\box69
\c@tcbbreakpart=\count170
\c@tcblayer=\count171
\tcolorbox@number=\count172
\tcb@temp=\box70
\tcb@temp=\box71
\tcb@temp=\box72
\tcb@temp=\box73
\tcb@out=\write4
\tcb@record@out=\write5
 (/usr/local/texlive/2018/texmf-dist/tex/latex/tcolorbox/tcbskins.code.tex
Library (tcolorbox): 'tcbskins.code.tex' version '4.13'
\tcb@waterbox=\box74
(/usr/local/texlive/2018/texmf-dist/tex/latex/tcolorbox/tcbskinsjigsaw.code.tex
Library (tcolorbox): 'tcbskinsjigsaw.code.tex' version '4.13'
)) (/usr/local/texlive/2018/texmf-dist/tex/latex/tcolorbox/tcbtheorems.code.tex
Library (tcolorbox): 'tcbtheorems.code.tex' version '4.13'
))
\symmathb=\mathgroup7
LaTeX Font Info:    Redeclaring symbol font `mathb' on input line 248.
LaTeX Font Info:    Overwriting symbol font `mathb' in version `normal'
(Font)                  U/mathb/m/n --> U/mathb/m/n on input line 248.
LaTeX Font Info:    Overwriting symbol font `mathb' in version `bold'
(Font)                  U/mathb/m/n --> U/mathb/m/n on input line 248.
 (/usr/local/texlive/2018/texmf-dist/tex/latex/tools/multicol.sty
Package: multicol 2018/04/01 v1.8r multicolumn formatting (FMi)
\c@tracingmulticols=\count173
\mult@box=\box75
\multicol@leftmargin=\dimen260
\c@unbalance=\count174
\c@collectmore=\count175
\doublecol@number=\count176
\multicoltolerance=\count177
\multicolpretolerance=\count178
\full@width=\dimen261
\page@free=\dimen262
\premulticols=\dimen263
\postmulticols=\dimen264
\multicolsep=\skip54
\multicolbaselineskip=\skip55
\partial@page=\box76
\last@line=\box77
\maxbalancingoverflow=\dimen265
\mult@rightbox=\box78
\mult@grightbox=\box79
\mult@gfirstbox=\box80
\mult@firstbox=\box81
\@tempa=\box82
\@tempa=\box83
\@tempa=\box84
\@tempa=\box85
\@tempa=\box86
\@tempa=\box87
\@tempa=\box88
\@tempa=\box89
\@tempa=\box90
\@tempa=\box91
\@tempa=\box92
\@tempa=\box93
\@tempa=\box94
\@tempa=\box95
\@tempa=\box96
\@tempa=\box97
\@tempa=\box98
\c@columnbadness=\count179
\c@finalcolumnbadness=\count180
\last@try=\dimen266
\multicolovershoot=\dimen267
\multicolundershoot=\dimen268
\mult@nat@firstbox=\box99
\colbreak@box=\box100
\mc@col@check@num=\count181
) (/usr/local/texlive/2018/texmf-dist/tex/latex/fancyhdr/fancyhdr.sty
Package: fancyhdr 2017/06/30 v3.9a Extensive control of page headers and footers
\f@nch@headwidth=\skip56
\f@nch@O@elh=\skip57
\f@nch@O@erh=\skip58
\f@nch@O@olh=\skip59
\f@nch@O@orh=\skip60
\f@nch@O@elf=\skip61
\f@nch@O@erf=\skip62
\f@nch@O@olf=\skip63
\f@nch@O@orf=\skip64
) (/usr/local/texlive/2018/texmf-dist/tex/latex/mathtools/mathtools.sty
Package: mathtools 2018/01/08 v1.21 mathematical typesetting tools
 (/usr/local/texlive/2018/texmf-dist/tex/latex/tools/calc.sty
Package: calc 2017/05/25 v4.3 Infix arithmetic (KKT,FJ)
\calc@Acount=\count182
\calc@Bcount=\count183
\calc@Adimen=\dimen269
\calc@Bdimen=\dimen270
\calc@Askip=\skip65
\calc@Bskip=\skip66
LaTeX Info: Redefining \setlength on input line 80.
LaTeX Info: Redefining \addtolength on input line 81.
\calc@Ccount=\count184
\calc@Cskip=\skip67
) (/usr/local/texlive/2018/texmf-dist/tex/latex/mathtools/mhsetup.sty
Package: mhsetup 2017/03/31 v1.3 programming setup (MH)
)
LaTeX Info: Thecontrolsequence`\('isalreadyrobust on input line 129.
LaTeX Info: Thecontrolsequence`\)'isalreadyrobust on input line 129.
LaTeX Info: Thecontrolsequence`\['isalreadyrobust on input line 129.
LaTeX Info: Thecontrolsequence`\]'isalreadyrobust on input line 129.
\g_MT_multlinerow_int=\count185
\l_MT_multwidth_dim=\dimen271
\origjot=\skip68
\l_MT_shortvdotswithinadjustabove_dim=\dimen272
\l_MT_shortvdotswithinadjustbelow_dim=\dimen273
\l_MT_above_intertext_sep=\dimen274
\l_MT_below_intertext_sep=\dimen275
\l_MT_above_shortintertext_sep=\dimen276
\l_MT_below_shortintertext_sep=\dimen277
) (/usr/local/texlive/2018/texmf-dist/tex/latex/jknapltx/mathrsfs.sty
Package: mathrsfs 1996/01/01 Math RSFS package v1.0 (jk)
\symrsfs=\mathgroup8
) (/usr/local/texlive/2018/texmf-dist/tex/latex/pdfpages/pdfpages.sty
Package: pdfpages 2017/10/31 v0.5l Insert pages of external PDF documents (AM)
 (/usr/local/texlive/2018/texmf-dist/tex/latex/eso-pic/eso-pic.sty
Package: eso-pic 2015/07/21 v2.0g eso-pic (RN)
 (/usr/local/texlive/2018/texmf-dist/tex/generic/oberdiek/atbegshi.sty
Package: atbegshi 2016/06/09 v1.18 At begin shipout hook (HO)
 (/usr/local/texlive/2018/texmf-dist/tex/generic/oberdiek/infwarerr.sty
Package: infwarerr 2016/05/16 v1.4 Providing info/warning/error messages (HO)
) (/usr/local/texlive/2018/texmf-dist/tex/generic/oberdiek/ltxcmds.sty
Package: ltxcmds 2016/05/16 v1.23 LaTeX kernel commands for general use (HO)
)))
\AM@pagewidth=\dimen278
\AM@pageheight=\dimen279
 (/usr/local/texlive/2018/texmf-dist/tex/latex/pdfpages/pppdftex.def
File: pppdftex.def 2017/10/31 v0.5l Pdfpages driver for pdfTeX (AM)
)
\AM@pagebox=\box101
\AM@global@opts=\toks52
\AM@toc@title=\toks53
\c@AM@survey=\count186
\AM@templatesizebox=\box102
) (/usr/local/texlive/2018/texmf-dist/tex/latex/hyperref/hyperref.sty
Package: hyperref 2018/02/06 v6.86b Hypertext links for LaTeX
 (/usr/local/texlive/2018/texmf-dist/tex/generic/oberdiek/hobsub-hyperref.sty
Package: hobsub-hyperref 2016/05/16 v1.14 Bundle oberdiek, subset hyperref (HO)
 (/usr/local/texlive/2018/texmf-dist/tex/generic/oberdiek/hobsub-generic.sty
Package: hobsub-generic 2016/05/16 v1.14 Bundle oberdiek, subset generic (HO)
Package: hobsub 2016/05/16 v1.14 Construct package bundles (HO)
Package hobsub Info: Skipping package `infwarerr' (already loaded).
Package hobsub Info: Skipping package `ltxcmds' (already loaded).
Package: ifluatex 2016/05/16 v1.4 Provides the ifluatex switch (HO)
Package ifluatex Info: LuaTeX not detected.
Package hobsub Info: Skipping package `ifvtex' (already loaded).
Package: intcalc 2016/05/16 v1.2 Expandable calculations with integers (HO)
Package hobsub Info: Skipping package `ifpdf' (already loaded).
Package: etexcmds 2016/05/16 v1.6 Avoid name clashes with e-TeX commands (HO)
Package etexcmds Info: Could not find \expanded.
(etexcmds)             That can mean that you are not using pdfTeX 1.50 or
(etexcmds)             that some package has redefined \expanded.
(etexcmds)             In the latter case, load this package earlier.
Package: kvsetkeys 2016/05/16 v1.17 Key value parser (HO)
Package: kvdefinekeys 2016/05/16 v1.4 Define keys (HO)
Package: pdftexcmds 2018/01/30 v0.27 Utility functions of pdfTeX for LuaTeX (HO)
Package pdftexcmds Info: LuaTeX not detected.
Package pdftexcmds Info: \pdf@primitive is available.
Package pdftexcmds Info: \pdf@ifprimitive is available.
Package pdftexcmds Info: \pdfdraftmode found.
Package: pdfescape 2016/05/16 v1.14 Implements pdfTeX's escape features (HO)
Package: bigintcalc 2016/05/16 v1.4 Expandable calculations on big integers (HO)
Package: bitset 2016/05/16 v1.2 Handle bit-vector datatype (HO)
Package: uniquecounter 2016/05/16 v1.3 Provide unlimited unique counter (HO)
)
Package hobsub Info: Skipping package `hobsub' (already loaded).
Package: letltxmacro 2016/05/16 v1.5 Let assignment for LaTeX macros (HO)
Package: hopatch 2016/05/16 v1.3 Wrapper for package hooks (HO)
Package: xcolor-patch 2016/05/16 xcolor patch
Package: atveryend 2016/05/16 v1.9 Hooks at the very end of document (HO)
Package hobsub Info: Skipping package `atbegshi' (already loaded).
Package: refcount 2016/05/16 v3.5 Data extraction from label references (HO)
Package: hycolor 2016/05/16 v1.8 Color options for hyperref/bookmark (HO)
) (/usr/local/texlive/2018/texmf-dist/tex/latex/oberdiek/auxhook.sty
Package: auxhook 2016/05/16 v1.4 Hooks for auxiliary files (HO)
) (/usr/local/texlive/2018/texmf-dist/tex/latex/oberdiek/kvoptions.sty
Package: kvoptions 2016/05/16 v3.12 Key value format for package options (HO)
)
\@linkdim=\dimen280
\Hy@linkcounter=\count187
\Hy@pagecounter=\count188
 (/usr/local/texlive/2018/texmf-dist/tex/latex/hyperref/pd1enc.def
File: pd1enc.def 2018/02/06 v6.86b Hyperref: PDFDocEncoding definition (HO)
Now handling font encoding PD1 ...
... no UTF-8 mapping file for font encoding PD1
)
\Hy@SavedSpaceFactor=\count189
 (/usr/local/texlive/2018/texmf-dist/tex/latex/latexconfig/hyperref.cfg
File: hyperref.cfg 2002/06/06 v1.2 hyperref configuration of TeXLive
)
Package hyperref Info: Hyper figures OFF on input line 4509.
Package hyperref Info: Link nesting OFF on input line 4514.
Package hyperref Info: Hyper index ON on input line 4517.
Package hyperref Info: Plain pages OFF on input line 4524.
Package hyperref Info: Backreferencing OFF on input line 4529.
Package hyperref Info: Implicit mode ON; LaTeX internals redefined.
Package hyperref Info: Bookmarks ON on input line 4762.
\c@Hy@tempcnt=\count190
 (/usr/local/texlive/2018/texmf-dist/tex/latex/url/url.sty
\Urlmuskip=\muskip11
Package: url 2013/09/16  ver 3.4  Verb mode for urls, etc.
)
LaTeX Info: Redefining \url on input line 5115.
\XeTeXLinkMargin=\dimen281
\Fld@menulength=\count191
\Field@Width=\dimen282
\Fld@charsize=\dimen283
Package hyperref Info: Hyper figures OFF on input line 6369.
Package hyperref Info: Link nesting OFF on input line 6374.
Package hyperref Info: Hyper index ON on input line 6377.
Package hyperref Info: backreferencing OFF on input line 6384.
Package hyperref Info: Link coloring OFF on input line 6389.
Package hyperref Info: Link coloring with OCG OFF on input line 6394.
Package hyperref Info: PDF/A mode OFF on input line 6399.
LaTeX Info: Redefining \ref on input line 6439.
LaTeX Info: Redefining \pageref on input line 6443.
\Hy@abspage=\count192
\c@Item=\count193
\c@Hfootnote=\count194
)
Package hyperref Info: Driver (autodetected): hpdftex.
 (/usr/local/texlive/2018/texmf-dist/tex/latex/hyperref/hpdftex.def
File: hpdftex.def 2018/02/06 v6.86b Hyperref driver for pdfTeX
\Fld@listcount=\count195
\c@bookmark@seq@number=\count196
 (/usr/local/texlive/2018/texmf-dist/tex/latex/oberdiek/rerunfilecheck.sty
Package: rerunfilecheck 2016/05/16 v1.8 Rerun checks for auxiliary files (HO)
Package uniquecounter Info: New unique counter `rerunfilecheck' on input line 282.
)
\Hy@SectionHShift=\skip69
) (/usr/local/texlive/2018/texmf-dist/tex/latex/hyperxmp/hyperxmp.sty
Package: hyperxmp 2017/11/26 v3.4 Store hyperref metadata in XMP format
 (/usr/local/texlive/2018/texmf-dist/tex/generic/oberdiek/stringenc.sty
Package: stringenc 2016/05/16 v1.11 Convert strings between diff. encodings (HO)
) (/usr/local/texlive/2018/texmf-dist/tex/latex/ifmtarg/ifmtarg.sty
Package: ifmtarg 2009/09/02 v1.2a check for an empty argument
))
Package hyperref Info: Option `colorlinks' set `true' on input line 343.
 (/Users/kaushiksrini/OneDrive - Johns Hopkins University/LaTeX Notes/110.302 - Differential Equations/.texpadtmp/math302.aux (/Users/kaushiksrini/OneDrive - Johns Hopkins University/LaTeX Notes/110.302 - Differential Equations/.texpadtmp/math302lecture1.aux)
(/Users/kaushiksrini/OneDrive - Johns Hopkins University/LaTeX Notes/110.302 - Differential Equations/.texpadtmp/math302lecture2.aux) (/Users/kaushiksrini/OneDrive - Johns Hopkins University/LaTeX Notes/110.302 - Differential Equations/.texpadtmp/math302lecture3.aux) (/Users/kaushiksrini/OneDrive - Johns Hopkins University/LaTeX Notes/110.302 - Differential Equations/.texpadtmp/math302lecture4.aux) (/Users/kaushiksrini/OneDrive - Johns Hopkins University/LaTeX Notes/110.302 - Differential Equations/.texpadtmp/math302lecture5.aux) (/Users/kaushiksrini/OneDrive - Johns Hopkins University/LaTeX Notes/110.302 - Differential Equations/.texpadtmp/math302lecture6.aux) (/Users/kaushiksrini/OneDrive - Johns Hopkins University/LaTeX Notes/110.302 - Differential Equations/.texpadtmp/math302lecture7.aux) (/Users/kaushiksrini/OneDrive - Johns Hopkins University/LaTeX Notes/110.302 - Differential Equations/.texpadtmp/math302lecture8.aux) (/Users/kaushiksrini/OneDrive - Johns Hopkins University/LaTeX Notes/110.302 - Differential Equations/.texpadtmp/math302lecture9.aux) (/Users/kaushiksrini/OneDrive - Johns Hopkins University/LaTeX Notes/110.302 - Differential Equations/.texpadtmp/math302lecture10.aux) (/Users/kaushiksrini/OneDrive - Johns Hopkins University/LaTeX Notes/110.302 - Differential Equations/.texpadtmp/math302lecture11.aux) (/Users/kaushiksrini/OneDrive - Johns Hopkins University/LaTeX Notes/110.302 - Differential Equations/.texpadtmp/math302lecture12.aux) (/Users/kaushiksrini/OneDrive - Johns Hopkins University/LaTeX Notes/110.302 - Differential Equations/.texpadtmp/math302lecture13.aux) (/Users/kaushiksrini/OneDrive - Johns Hopkins University/LaTeX Notes/110.302 - Differential Equations/.texpadtmp/math302lecture14.aux) (/Users/kaushiksrini/OneDrive - Johns Hopkins University/LaTeX Notes/110.302 - Differential Equations/.texpadtmp/math302lecture15.aux) (/Users/kaushiksrini/OneDrive - Johns Hopkins University/LaTeX Notes/110.302 - Differential Equations/.texpadtmp/math302lecture16.aux)
(/Users/kaushiksrini/OneDrive - Johns Hopkins University/LaTeX Notes/110.302 - Differential Equations/.texpadtmp/math302lecture17.aux) (/Users/kaushiksrini/OneDrive - Johns Hopkins University/LaTeX Notes/110.302 - Differential Equations/.texpadtmp/math302lecture18.aux) (/Users/kaushiksrini/OneDrive - Johns Hopkins University/LaTeX Notes/110.302 - Differential Equations/.texpadtmp/math302lecture19.aux) (/Users/kaushiksrini/OneDrive - Johns Hopkins University/LaTeX Notes/110.302 - Differential Equations/.texpadtmp/math302lecture20.aux) (/Users/kaushiksrini/OneDrive - Johns Hopkins University/LaTeX Notes/110.302 - Differential Equations/.texpadtmp/math302lecture21.aux) (/Users/kaushiksrini/OneDrive - Johns Hopkins University/LaTeX Notes/110.302 - Differential Equations/.texpadtmp/math302lecture22.aux) (/Users/kaushiksrini/OneDrive - Johns Hopkins University/LaTeX Notes/110.302 - Differential Equations/.texpadtmp/math302lecture23.aux) (/Users/kaushiksrini/OneDrive - Johns Hopkins University/LaTeX Notes/110.302 - Differential Equations/.texpadtmp/math302lecture24.aux) (/Users/kaushiksrini/OneDrive - Johns Hopkins University/LaTeX Notes/110.302 - Differential Equations/.texpadtmp/math302lecture25.aux) (/Users/kaushiksrini/OneDrive - Johns Hopkins University/LaTeX Notes/110.302 - Differential Equations/.texpadtmp/math302lecture26.aux))
\openout1 = `math302.aux'.

LaTeX Font Info:    Checking defaults for OML/cmm/m/it on input line 377.
LaTeX Font Info:    ... okay on input line 377.
LaTeX Font Info:    Checking defaults for T1/cmr/m/n on input line 377.
LaTeX Font Info:    ... okay on input line 377.
LaTeX Font Info:    Checking defaults for OT1/cmr/m/n on input line 377.
LaTeX Font Info:    ... okay on input line 377.
LaTeX Font Info:    Checking defaults for OMS/cmsy/m/n on input line 377.
LaTeX Font Info:    ... okay on input line 377.
LaTeX Font Info:    Checking defaults for OMX/cmex/m/n on input line 377.
LaTeX Font Info:    ... okay on input line 377.
LaTeX Font Info:    Checking defaults for U/cmr/m/n on input line 377.
LaTeX Font Info:    ... okay on input line 377.
LaTeX Font Info:    Checking defaults for PD1/pdf/m/n on input line 377.
LaTeX Font Info:    ... okay on input line 377.

*geometry* driver: auto-detecting
*geometry* detected driver: pdftex
*geometry* verbose mode - [ preamble ] result:
* driver: pdftex
* paper: <default>
* layout: <same size as paper>
* layoutoffset:(h,v)=(0.0pt,0.0pt)
* modes: 
* h-part:(L,W,R)=(72.26999pt, 469.75502pt, 72.26999pt)
* v-part:(T,H,B)=(72.26999pt, 650.43001pt, 72.26999pt)
* \paperwidth=614.295pt
* \paperheight=794.96999pt
* \textwidth=469.75502pt
* \textheight=650.43001pt
* \oddsidemargin=0.0pt
* \evensidemargin=0.0pt
* \topmargin=-37.0pt
* \headheight=14.0pt
* \headsep=25.0pt
* \topskip=11.0pt
* \footskip=30.0pt
* \marginparwidth=59.0pt
* \marginparsep=10.0pt
* \columnsep=85.35826pt
* \skip\footins=10.0pt plus 4.0pt minus 2.0pt
* \hoffset=0.0pt
* \voffset=0.0pt
* \mag=1000
* \@twocolumnfalse
* \@twosidefalse
* \@mparswitchfalse
* \@reversemarginfalse
* (1in=72.27pt=25.4mm, 1cm=28.453pt)

(/usr/local/texlive/2018/texmf-dist/tex/latex/fmtcount/fc-english.def
File: fc-english.def 2016/01/12
) (/usr/local/texlive/2018/texmf-dist/tex/context/base/mkii/supp-pdf.mkii
[Loading MPS to PDF converter (version 2006.09.02).]
\scratchcounter=\count197
\scratchdimen=\dimen284
\scratchbox=\box103
\nofMPsegments=\count198
\nofMParguments=\count199
\everyMPshowfont=\toks54
\MPscratchCnt=\count266
\MPscratchDim=\dimen285
\MPnumerator=\count267
\makeMPintoPDFobject=\count268
\everyMPtoPDFconversion=\toks55
) (/usr/local/texlive/2018/texmf-dist/tex/latex/oberdiek/epstopdf-base.sty
Package: epstopdf-base 2016/05/15 v2.6 Base part for package epstopdf
 (/usr/local/texlive/2018/texmf-dist/tex/latex/oberdiek/grfext.sty
Package: grfext 2016/05/16 v1.2 Manage graphics extensions (HO)
)
Package epstopdf-base Info: Redefining graphics rule for `.eps' on input line 438.
Package grfext Info: Graphics extension search list:
(grfext)             [.pdf,.png,.jpg,.mps,.jpeg,.jbig2,.jb2,.PDF,.PNG,.JPG,.JPEG,.JBIG2,.JB2,.eps]
(grfext)             \AppendGraphicsExtensions on input line 456.
 (/usr/local/texlive/2018/texmf-dist/tex/latex/latexconfig/epstopdf-sys.cfg
File: epstopdf-sys.cfg 2010/07/13 v1.3 Configuration of (r)epstopdf for TeX Live
))
Package caption Info: Begin \AtBeginDocument code.
Package caption Info: hyperref package is loaded.
Package caption Info: End \AtBeginDocument code.
 ABD: EveryShipout initializing macros
Package pgfplots notification 'compat/show suggested version=true': document has been generated with the most recent feature set (\pgfplotsset{compat=1.16}).

\AtBeginShipoutBox=\box104
(/usr/local/texlive/2018/texmf-dist/tex/latex/oberdiek/pdflscape.sty
Package: pdflscape 2016/05/14 v0.11 Display of landscape pages in PDF (HO)
 (/usr/local/texlive/2018/texmf-dist/tex/latex/graphics/lscape.sty
Package: lscape 2000/10/22 v3.01 Landscape Pages (DPC)
)
Package pdflscape Info: Auto-detected driver: pdftex on input line 81.
)
Package hyperref Info: Link coloring ON on input line 377.
 (/usr/local/texlive/2018/texmf-dist/tex/latex/hyperref/nameref.sty
Package: nameref 2016/05/21 v2.44 Cross-referencing by name of section
 (/usr/local/texlive/2018/texmf-dist/tex/generic/oberdiek/gettitlestring.sty
Package: gettitlestring 2016/05/16 v1.5 Cleanup title references (HO)
)
\c@section@level=\count269
)
LaTeX Info: Redefining \ref on input line 377.
LaTeX Info: Redefining \pageref on input line 377.
LaTeX Info: Redefining \nameref on input line 377.
 (/Users/kaushiksrini/OneDrive - Johns Hopkins University/LaTeX Notes/110.302 - Differential Equations/.texpadtmp/math302.out) (/Users/kaushiksrini/OneDrive - Johns Hopkins University/LaTeX Notes/110.302 - Differential Equations/.texpadtmp/math302.out)
\@outlinefile=\write6
\openout6 = `math302.out'.

 (/usr/local/texlive/2018/texmf-dist/tex/generic/oberdiek/se-pdfdoc.def
File: se-pdfdoc.def 2016/05/16 v1.11 stringenc: PDFDocEncoding
) (/usr/local/texlive/2018/texmf-dist/tex/generic/oberdiek/se-utf8.def
File: se-utf8.def 2016/05/16 v1.11 stringenc: UTF-8
)
LaTeX Font Info:    Try loading font information for U+msa on input line 382.
 (/usr/local/texlive/2018/texmf-dist/tex/latex/amsfonts/umsa.fd
File: umsa.fd 2013/01/14 v3.01 AMS symbols A
)
LaTeX Font Info:    Try loading font information for U+msb on input line 382.
 (/usr/local/texlive/2018/texmf-dist/tex/latex/amsfonts/umsb.fd
File: umsb.fd 2013/01/14 v3.01 AMS symbols B
)
LaTeX Font Info:    Try loading font information for U+lasy on input line 382.
 (/usr/local/texlive/2018/texmf-dist/tex/latex/base/ulasy.fd
File: ulasy.fd 1998/08/17 v2.2e LaTeX symbol font definitions
)
LaTeX Font Info:    Try loading font information for U+rsfs on input line 382.
 (/usr/local/texlive/2018/texmf-dist/tex/latex/jknapltx/ursfs.fd
File: ursfs.fd 1998/03/24 rsfs font definition file (jk)
) (/Users/kaushiksrini/OneDrive - Johns Hopkins University/LaTeX Notes/110.302 - Differential Equations/.texpadtmp/math302.toc)
\tf@toc=\write7
\openout7 = `math302.toc'.

 [-1

{/usr/local/texlive/2018/texmf-var/fonts/map/pdftex/updmap/pdftex.map}]
Overfull \hbox (2.8293pt too wide) in paragraph at lines 408--409
\OT1/cmr/m/n/10.95 Math 110.304 is one of the semi-important courses that is re-quired/recommended for the engineering-
 []

[0]
\openout2 = `math302lecture1.aux'.

 (./math302lecture1.tex
LaTeX Font Info:    Try loading font information for OMS+cmr on input line 5.
 (/usr/local/texlive/2018/texmf-dist/tex/latex/base/omscmr.fd
File: omscmr.fd 2014/09/29 v2.5h Standard LaTeX font definitions
)
LaTeX Font Info:    Font shape `OMS/cmr/m/n' in size <10.95> not available
(Font)              Font shape `OMS/cmsy/m/n' tried instead on input line 5.

Underfull \hbox (badness 10000) in paragraph at lines 32--33

 []

[1

]
Underfull \hbox (badness 10000) in paragraph at lines 62--64

 []

) [2]
\openout2 = `math302lecture2.aux'.

 (./math302lecture2.tex
Underfull \hbox (badness 10000) in paragraph at lines 17--18

 []

[3


]pdfTeX warning (ext4): destination with the same identifier (name{dN.1}) has been already used, duplicate ignored
<to be read again> 
                   \relax 
l.57 		i
        f in an ODE the independent variable is \underline{NOT} explicitly p...
Overfull \hbox (27.37506pt too wide) in paragraph at lines 59--62
[][][] 
 []


Underfull \hbox (badness 10000) in paragraph at lines 59--62

 []

pdfTeX warning (ext4): destination with the same identifier (name{dN.2}) has been already used, duplicate ignored
<to be read again> 
                   \relax 
l.90 	T
       his last solution is called a \underline{singular solution}, which so... [4]pdfTeX warning (ext4): destination with the same identifier (name{dN.3}) has been already used, duplicate ignored
<to be read again> 
                   \relax 
l.122 	H
        ere the singular solution $p(t) = 900,$ $\forall t$ is called an \un...
Underfull \hbox (badness 10000) in paragraph at lines 129--130

 []


Underfull \hbox (badness 10000) in paragraph at lines 131--136

 []

) [5]
\openout2 = `math302lecture3.aux'.

 (./math302lecture3.texpdfTeX warning (ext4): destination with the same identifier (name{dN.1}) has been already used, duplicate ignored
<to be read again> 
                   \relax 
l.17 	A
       n \underline{integrating factor} is a term that when multiplied to an...
Underfull \hbox (badness 10000) in paragraph at lines 32--37

 []


Underfull \hbox (badness 10000) in paragraph at lines 43--45

 []

[6


]
Underfull \hbox (badness 10000) in paragraph at lines 48--50

 []


Underfull \hbox (badness 10000) in paragraph at lines 52--53

 []


Underfull \hbox (badness 10000) in paragraph at lines 74--76

 []


Underfull \hbox (badness 10000) in paragraph at lines 79--80

 []

pdfTeX warning (ext4): destination with the same identifier (name{eN.1}) has been already used, duplicate ignored
<to be read again> 
                   \relax 
l.82 	S
       uppose $p(t) = 2t$. Then $e^{\int p(t) dt} = e^{\int 2t dt} = e^{t^2 ... [7]
Underfull \hbox (badness 10000) in paragraph at lines 88--92

 []


Underfull \hbox (badness 10000) in paragraph at lines 123--127

 []

[8]) [9]
\openout2 = `math302lecture4.aux'.

 (./math302lecture4.texpdfTeX warning (ext4): destination with the same identifier (name{dN.1}) has been already used, duplicate ignored
<to be read again> 
                   \relax 
l.4 S
     uppose for $y' = f(t, y)$ that $f(t,y) = g(t)h(y)$ for 2 functions $g(t...
Underfull \hbox (badness 10000) in paragraph at lines 4--5

 []


Underfull \hbox (badness 10000) in paragraph at lines 14--17

 []

pdfTeX warning (ext4): destination with the same identifier (name{eN.1}) has been already used, duplicate ignored
<to be read again> 
                   \relax 
l.18 	F
       ind the general solution to $\dfrac{dy}{dx} = xy^2$. (Note: This ODE ...
Underfull \hbox (badness 10000) in paragraph at lines 24--27

 []


Underfull \hbox (badness 10000) in paragraph at lines 34--36

 []


Underfull \hbox (badness 10000) in paragraph at lines 38--44

 []


Underfull \hbox (badness 10000) in paragraph at lines 38--44

 []

[10


]
Underfull \hbox (badness 10000) in paragraph at lines 48--51

 []

pdfTeX warning (ext4): destination with the same identifier (name{eN.2}) has been already used, duplicate ignored
<to be read again> 
                   \relax 
l.70 	 	W
         e may sometimes see $y' = xy^2$ as $\dfrac{dy}{dx} = xy^2$ or $\dfr...
Underfull \hbox (badness 10000) in paragraph at lines 79--86

 []


Overfull \hbox (40.34526pt too wide) in paragraph at lines 79--86
\OT1/cmr/bx/n/10.95 Caution: \OT1/cmr/m/n/10.95 A so-lu-tion to an ODE is a func-tion (even when de-fined im-plic-itly) that $[]$ 
 []

[11]
Underfull \hbox (badness 10000) in paragraph at lines 111--114

 []


Underfull \hbox (badness 10000) in paragraph at lines 116--117

 []


Underfull \hbox (badness 10000) in paragraph at lines 128--129

 []

<./images/4-1.png, id=288, 468.75125pt x 458.71375pt>
File: ./images/4-1.png Graphic file (type png)
<use ./images/4-1.png>
Package pdftex.def Info: ./images/4-1.png  used on input line 130.
(pdftex.def)             Requested size: 284.52756pt x 278.4291pt.
[12]
Underfull \hbox (badness 10000) in paragraph at lines 140--142

 []

) [13 <./images/4-1.png>]
\openout2 = `math302lecture5.aux'.

 (./math302lecture5.tex
Underfull \hbox (badness 10000) in paragraph at lines 3--6

 []


Underfull \hbox (badness 10000) in paragraph at lines 7--9

 []

pdfTeX warning (ext4): destination with the same identifier (name{eN.1}) has been already used, duplicate ignored
<to be read again> 
                   \relax 
l.10 	S
       olve $(y')^2 + 1 = 0$\\pdfTeX warning (ext4): destination with the same identifier (name{eN.2}) has been already used, duplicate ignored
<to be read again> 
                   \relax 
l.14 	S
       olve $y' = \frac{3}{2} y^{\frac{1}{3}}$, $y(0)=0$\\
<./images/5-1.png, id=305, 220.825pt x 132.495pt>
File: ./images/5-1.png Graphic file (type png)
<use ./images/5-1.png>
Package pdftex.def Info: ./images/5-1.png  used on input line 17.
(pdftex.def)             Requested size: 220.82445pt x 132.49466pt.

Underfull \hbox (badness 10000) in paragraph at lines 20--21

 []

<./images/5-2.png, id=306, 188.705pt x 138.5175pt>
File: ./images/5-2.png Graphic file (type png)
<use ./images/5-2.png>
Package pdftex.def Info: ./images/5-2.png  used on input line 24.
(pdftex.def)             Requested size: 188.70453pt x 138.51715pt.

Underfull \hbox (badness 10000) in paragraph at lines 26--28

 []

[14


 <./images/5-1.png> <./images/5-2.png>]
Underfull \hbox (badness 10000) in paragraph at lines 29--30

 []


Underfull \hbox (badness 10000) in paragraph at lines 36--37

 []

<./images/5-3.png, id=313, 229.85875pt x 219.82124pt>
File: ./images/5-3.png Graphic file (type png)
<use ./images/5-3.png>
Package pdftex.def Info: ./images/5-3.png  used on input line 38.
(pdftex.def)             Requested size: 160.90001pt x 153.87381pt.
[15 <./images/5-3.png>]pdfTeX warning (ext4): destination with the same identifier (name{eN.3}) has been already used, duplicate ignored
<to be read again> 
                   \relax 
l.52 		G
        iven $y' = \frac{3}{2} y^{\frac{1}{3}}$, $f(t,y) = \frac{3}{2} y^{\f...
NOTE: coordinate (0Y0.0e0],3Y0.0e0]) has been dropped because it is unbounded (in y). (see also unbounded coords=jump). 
NOTE: coordinate (1Y4.0404007e-2],3Y0.0e0]) has been dropped because it is unbounded (in y). (see also unbounded coords=jump). 
NOTE: coordinate (1Y8.0808014e-2],3Y0.0e0]) has been dropped because it is unbounded (in y). (see also unbounded coords=jump). 
NOTE: coordinate (1Y1.21212021e-1],3Y0.0e0]) has been dropped because it is unbounded (in y). (see also unbounded coords=jump). 
NOTE: coordinate (1Y1.61616028e-1],3Y0.0e0]) has been dropped because it is unbounded (in y). (see also unbounded coords=jump). 
NOTE: coordinate (1Y2.02020035e-1],3Y0.0e0]) has been dropped because it is unbounded (in y). (see also unbounded coords=jump). 
NOTE: coordinate (1Y2.42424042e-1],3Y0.0e0]) has been dropped because it is unbounded (in y). (see also unbounded coords=jump). 
NOTE: coordinate (1Y2.82828049e-1],3Y0.0e0]) has been dropped because it is unbounded (in y). (see also unbounded coords=jump). 
NOTE: coordinate (1Y3.23232056e-1],3Y0.0e0]) has been dropped because it is unbounded (in y). (see also unbounded coords=jump). 
NOTE: coordinate (1Y3.63636063e-1],3Y0.0e0]) has been dropped because it is unbounded (in y). (see also unbounded coords=jump). 
NOTE: coordinate (1Y4.0404007e-1],3Y0.0e0]) has been dropped because it is unbounded (in y). (see also unbounded coords=jump). 
NOTE: coordinate (1Y4.4444408e-1],3Y0.0e0]) has been dropped because it is unbounded (in y). (see also unbounded coords=jump). 
NOTE: coordinate (1Y4.8484808e-1],3Y0.0e0]) has been dropped because it is unbounded (in y). (see also unbounded coords=jump). 
NOTE: coordinate (1Y5.2525209e-1],3Y0.0e0]) has been dropped because it is unbounded (in y). (see also unbounded coords=jump). 
NOTE: coordinate (1Y5.656561e-1],3Y0.0e0]) has been dropped because it is unbounded (in y). (see also unbounded coords=jump). 
NOTE: coordinate (1Y6.060601e-1],3Y0.0e0]) has been dropped because it is unbounded (in y). (see also unbounded coords=jump). 
NOTE: coordinate (1Y6.4646411e-1],3Y0.0e0]) has been dropped because it is unbounded (in y). (see also unbounded coords=jump). 
NOTE: coordinate (1Y6.8686812e-1],3Y0.0e0]) has been dropped because it is unbounded (in y). (see also unbounded coords=jump). 
NOTE: coordinate (1Y7.2727213e-1],3Y0.0e0]) has been dropped because it is unbounded (in y). (see also unbounded coords=jump). 
NOTE: coordinate (1Y7.6767613e-1],3Y0.0e0]) has been dropped because it is unbounded (in y). (see also unbounded coords=jump). 
NOTE: coordinate (1Y8.0808014e-1],3Y0.0e0]) has been dropped because it is unbounded (in y). (see also unbounded coords=jump). 
NOTE: coordinate (1Y8.4848415e-1],3Y0.0e0]) has been dropped because it is unbounded (in y). (see also unbounded coords=jump). 
NOTE: coordinate (1Y8.8888815e-1],3Y0.0e0]) has been dropped because it is unbounded (in y). (see also unbounded coords=jump). 
NOTE: coordinate (1Y9.2929216e-1],3Y0.0e0]) has been dropped because it is unbounded (in y). (see also unbounded coords=jump). 
NOTE: coordinate (1Y9.6969617e-1],3Y0.0e0]) has been dropped because it is unbounded (in y). (see also unbounded coords=jump). 
NOTE: coordinate (0Y0.0e0],3Y0.0e0]) has been dropped because it is unbounded (in y). (see also unbounded coords=jump). 
NOTE: coordinate (1Y4.0404007e-2],3Y0.0e0]) has been dropped because it is unbounded (in y). (see also unbounded coords=jump). 
NOTE: coordinate (1Y8.0808014e-2],3Y0.0e0]) has been dropped because it is unbounded (in y). (see also unbounded coords=jump). 
NOTE: coordinate (1Y1.21212021e-1],3Y0.0e0]) has been dropped because it is unbounded (in y). (see also unbounded coords=jump). 
NOTE: coordinate (1Y1.61616028e-1],3Y0.0e0]) has been dropped because it is unbounded (in y). (see also unbounded coords=jump). 
NOTE: coordinate (1Y2.02020035e-1],3Y0.0e0]) has been dropped because it is unbounded (in y). (see also unbounded coords=jump). 
NOTE: coordinate (1Y2.42424042e-1],3Y0.0e0]) has been dropped because it is unbounded (in y). (see also unbounded coords=jump). 
NOTE: coordinate (1Y2.82828049e-1],3Y0.0e0]) has been dropped because it is unbounded (in y). (see also unbounded coords=jump). 
NOTE: coordinate (1Y3.23232056e-1],3Y0.0e0]) has been dropped because it is unbounded (in y). (see also unbounded coords=jump). 
NOTE: coordinate (1Y3.63636063e-1],3Y0.0e0]) has been dropped because it is unbounded (in y). (see also unbounded coords=jump). 
NOTE: coordinate (1Y4.0404007e-1],3Y0.0e0]) has been dropped because it is unbounded (in y). (see also unbounded coords=jump). 
NOTE: coordinate (1Y4.4444408e-1],3Y0.0e0]) has been dropped because it is unbounded (in y). (see also unbounded coords=jump). 
NOTE: coordinate (1Y4.8484808e-1],3Y0.0e0]) has been dropped because it is unbounded (in y). (see also unbounded coords=jump). 
NOTE: coordinate (1Y5.2525209e-1],3Y0.0e0]) has been dropped because it is unbounded (in y). (see also unbounded coords=jump). 
NOTE: coordinate (1Y5.656561e-1],3Y0.0e0]) has been dropped because it is unbounded (in y). (see also unbounded coords=jump). 
NOTE: coordinate (1Y6.060601e-1],3Y0.0e0]) has been dropped because it is unbounded (in y). (see also unbounded coords=jump). 
NOTE: coordinate (1Y6.4646411e-1],3Y0.0e0]) has been dropped because it is unbounded (in y). (see also unbounded coords=jump). 
NOTE: coordinate (1Y6.8686812e-1],3Y0.0e0]) has been dropped because it is unbounded (in y). (see also unbounded coords=jump). 
NOTE: coordinate (1Y7.2727213e-1],3Y0.0e0]) has been dropped because it is unbounded (in y). (see also unbounded coords=jump). 
NOTE: coordinate (1Y7.6767613e-1],3Y0.0e0]) has been dropped because it is unbounded (in y). (see also unbounded coords=jump). 
NOTE: coordinate (1Y8.0808014e-1],3Y0.0e0]) has been dropped because it is unbounded (in y). (see also unbounded coords=jump). 
NOTE: coordinate (1Y8.4848415e-1],3Y0.0e0]) has been dropped because it is unbounded (in y). (see also unbounded coords=jump). 
NOTE: coordinate (1Y8.8888815e-1],3Y0.0e0]) has been dropped because it is unbounded (in y). (see also unbounded coords=jump). 
NOTE: coordinate (1Y9.2929216e-1],3Y0.0e0]) has been dropped because it is unbounded (in y). (see also unbounded coords=jump). 
NOTE: coordinate (1Y9.6969617e-1],3Y0.0e0]) has been dropped because it is unbounded (in y). (see also unbounded coords=jump). 
NOTE: coordinate (1Y1.01010017e0],3Y0.0e0]) has been dropped because it is unbounded (in y). (see also unbounded coords=jump). 
NOTE: coordinate (1Y1.05050418e0],3Y0.0e0]) has been dropped because it is unbounded (in y). (see also unbounded coords=jump). 
NOTE: coordinate (1Y1.09090819e0],3Y0.0e0]) has been dropped because it is unbounded (in y). (see also unbounded coords=jump). 
NOTE: coordinate (1Y1.1313122e0],3Y0.0e0]) has been dropped because it is unbounded (in y). (see also unbounded coords=jump). 
NOTE: coordinate (1Y1.1717162e0],3Y0.0e0]) has been dropped because it is unbounded (in y). (see also unbounded coords=jump). 
NOTE: coordinate (1Y1.21212021e0],3Y0.0e0]) has been dropped because it is unbounded (in y). (see also unbounded coords=jump). 
NOTE: coordinate (1Y1.25252422e0],3Y0.0e0]) has been dropped because it is unbounded (in y). (see also unbounded coords=jump). 
NOTE: coordinate (1Y1.29292822e0],3Y0.0e0]) has been dropped because it is unbounded (in y). (see also unbounded coords=jump). 
NOTE: coordinate (1Y1.33333223e0],3Y0.0e0]) has been dropped because it is unbounded (in y). (see also unbounded coords=jump). 
NOTE: coordinate (1Y1.37373624e0],3Y0.0e0]) has been dropped because it is unbounded (in y). (see also unbounded coords=jump). 
NOTE: coordinate (1Y1.41414024e0],3Y0.0e0]) has been dropped because it is unbounded (in y). (see also unbounded coords=jump). 
NOTE: coordinate (1Y1.45454425e0],3Y0.0e0]) has been dropped because it is unbounded (in y). (see also unbounded coords=jump). 
NOTE: coordinate (1Y1.49494826e0],3Y0.0e0]) has been dropped because it is unbounded (in y). (see also unbounded coords=jump). 
NOTE: coordinate (1Y1.53535226e0],3Y0.0e0]) has been dropped because it is unbounded (in y). (see also unbounded coords=jump). 
NOTE: coordinate (1Y1.57575627e0],3Y0.0e0]) has been dropped because it is unbounded (in y). (see also unbounded coords=jump). 
NOTE: coordinate (1Y1.61616028e0],3Y0.0e0]) has been dropped because it is unbounded (in y). (see also unbounded coords=jump). 
NOTE: coordinate (1Y1.65656429e0],3Y0.0e0]) has been dropped because it is unbounded (in y). (see also unbounded coords=jump). 
NOTE: coordinate (1Y1.69696829e0],3Y0.0e0]) has been dropped because it is unbounded (in y). (see also unbounded coords=jump). 
NOTE: coordinate (1Y1.7373723e0],3Y0.0e0]) has been dropped because it is unbounded (in y). (see also unbounded coords=jump). 
NOTE: coordinate (1Y1.7777763e0],3Y0.0e0]) has been dropped because it is unbounded (in y). (see also unbounded coords=jump). 
NOTE: coordinate (1Y1.81818031e0],3Y0.0e0]) has been dropped because it is unbounded (in y). (see also unbounded coords=jump). 
NOTE: coordinate (1Y1.85858432e0],3Y0.0e0]) has been dropped because it is unbounded (in y). (see also unbounded coords=jump). 
NOTE: coordinate (1Y1.89898833e0],3Y0.0e0]) has been dropped because it is unbounded (in y). (see also unbounded coords=jump). 
NOTE: coordinate (1Y1.93939233e0],3Y0.0e0]) has been dropped because it is unbounded (in y). (see also unbounded coords=jump). 
NOTE: coordinate (1Y1.97979634e0],3Y0.0e0]) has been dropped because it is unbounded (in y). (see also unbounded coords=jump). 
) [16]
\openout2 = `math302lecture6.aux'.

 (./math302lecture6.texpdfTeX warning (ext4): destination with the same identifier (name{eN.1}) has been already used, duplicate ignored
<to be read again> 
                   \relax 
l.5 	\begin{equation*}
                      
<./images/6-1.png, id=333, 203.76125pt x 174.6525pt>
File: ./images/6-1.png Graphic file (type png)
<use ./images/6-1.png>
Package pdftex.def Info: ./images/6-1.png  used on input line 11.
(pdftex.def)             Requested size: 203.76074pt x 174.65207pt.
<./images/6-2.png, id=334, 280.04625pt x 197.73875pt>
File: ./images/6-2.png Graphic file (type png)
<use ./images/6-2.png>
Package pdftex.def Info: ./images/6-2.png  used on input line 28.
(pdftex.def)             Requested size: 280.04555pt x 197.73827pt.
 [17


 <./images/6-1.png>]pdfTeX warning (ext4): destination with the same identifier (name{eN.2}) has been already used, duplicate ignored
<to be read again> 
                   \relax 
l.51 		C
        onsider $z' = z(1-z), z(0) = \frac{3}{4}$.\\
Underfull \hbox (badness 10000) in paragraph at lines 62--64

 []

[18 <./images/6-2.png>]
Underfull \hbox (badness 10000) in paragraph at lines 89--91

 []


Underfull \hbox (badness 10000) in paragraph at lines 100--101

 []

<./images/6-3.png, id=350, 429.605pt x 231.86626pt>
File: ./images/6-3.png Graphic file (type png)
<use ./images/6-3.png>
Package pdftex.def Info: ./images/6-3.png  used on input line 102.
(pdftex.def)             Requested size: 429.60394pt x 231.86568pt.
) [19 <./images/6-3.png>]
\openout2 = `math302lecture7.aux'.

 (./math302lecture7.tex
<./images/7-1.png, id=360, 295.1025pt x 199.74625pt>
File: ./images/7-1.png Graphic file (type png)
<use ./images/7-1.png>
Package pdftex.def Info: ./images/7-1.png  used on input line 10.
(pdftex.def)             Requested size: 295.10176pt x 199.74576pt.

Underfull \hbox (badness 10000) in paragraph at lines 35--36

 []

[20


 <./images/7-1.png>]
<./images/7-2.png, id=371, 455.7025pt x 211.79124pt>
File: ./images/7-2.png Graphic file (type png)
<use ./images/7-2.png>
Package pdftex.def Info: ./images/7-2.png  used on input line 40.
(pdftex.def)             Requested size: 455.70137pt x 211.79073pt.
<./images/7-3.png, id=372, 226.8475pt x 277.035pt>
File: ./images/7-3.png Graphic file (type png)
<use ./images/7-3.png>
Package pdftex.def Info: ./images/7-3.png  used on input line 45.
(pdftex.def)             Requested size: 181.47824pt x 221.6283pt.
pdfTeX warning (ext4): destination with the same identifier (name{dN.1}) has been already used, duplicate ignored
<to be read again> 
                   \relax 
l.48 	F
       or $y' = f(y)$, the set $\{ y \in \mathbb{R} \big| f(y) = 0\}$ is the... [21 <./images/7-2.png> <./images/7-3.png>]pdfTeX warning (ext4): destination with the same identifier (name{eN.1}) has been already used, duplicate ignored
<to be read again> 
                   \relax 
l.64 	$
       z' = z(1-z),$ Here critical points are $z = 0, 1$. And here $z(t) = 1...
<./images/7-4.png, id=380, 184.69pt x 128.48pt>
File: ./images/7-4.png Graphic file (type png)
<use ./images/7-4.png>
Package pdftex.def Info: ./images/7-4.png  used on input line 66.
(pdftex.def)             Requested size: 184.68953pt x 128.47968pt.

Underfull \hbox (badness 10000) in paragraph at lines 69--70

 []

pdfTeX warning (ext4): destination with the same identifier (name{eN.2}) has been already used, duplicate ignored
<to be read again> 
                   \relax 
l.71 	$
       y' = (1-y)^2 (y-4)$\\
<./images/7-5.png, id=381, 446.66875pt x 206.7725pt>
File: ./images/7-5.png Graphic file (type png)
<use ./images/7-5.png>
Package pdftex.def Info: ./images/7-5.png  used on input line 87.
(pdftex.def)             Requested size: 446.66765pt x 206.77199pt.
 [22 <./images/7-4.png> <./images/7-5.png>]
<./images/7-6.png, id=390, 212.795pt x 140.525pt>
File: ./images/7-6.png Graphic file (type png)
<use ./images/7-6.png>
Package pdftex.def Info: ./images/7-6.png  used on input line 108.
(pdftex.def)             Requested size: 212.79446pt x 140.52464pt.
<./images/7-7.png, id=391, 158.5925pt x 128.48pt>
File: ./images/7-7.png Graphic file (type png)
<use ./images/7-7.png>
Package pdftex.def Info: ./images/7-7.png  used on input line 116.
(pdftex.def)             Requested size: 158.59209pt x 128.47968pt.
) [23 <./images/7-6.png> <./images/7-7.png>]
\openout2 = `math302lecture8.aux'.

 (./math302lecture8.texpdfTeX warning (ext4): destination with the same identifier (name{eN.1}) has been already used, duplicate ignored
<to be read again> 
                   \relax 
l.5 	$
      \dot{y} = ay - y^3 = y(a-y^2)$\\
<./images/7-8.png, id=399, 425.59pt x 143.53625pt>
File: ./images/7-8.png Graphic file (type png)
<use ./images/7-8.png>
Package pdftex.def Info: ./images/7-8.png  used on input line 8.
(pdftex.def)             Requested size: 425.58894pt x 143.53589pt.
pdfTeX warning (ext4): destination with the same identifier (name{dN.1}) has been already used, duplicate ignored
<to be read again> 
                   \relax 
l.13 	A
        bifurcation diagram is graph of equilibrium (and stability) in relat...
Underfull \hbox (badness 10000) in paragraph at lines 15--17

 []

<./images/7-9.png, id=400, 291.0875pt x 195.73125pt>
File: ./images/7-9.png Graphic file (type png)
<use ./images/7-9.png>
Package pdftex.def Info: ./images/7-9.png  used on input line 18.
(pdftex.def)             Requested size: 291.08678pt x 195.73076pt.
[24


 <./images/7-8.png> <./images/7-9.png>]pdfTeX warning (ext4): destination with the same identifier (name{eN.2}) has been already used, duplicate ignored
<to be read again> 
                   \relax 
l.36 	$
       \dot{y} = a-y^2$
<./images/7-10.png, id=407, 512.91624pt x 83.31125pt>
File: ./images/7-10.png Graphic file (type png)
<use ./images/7-10.png>
Package pdftex.def Info: ./images/7-10.png  used on input line 38.
(pdftex.def)             Requested size: 512.915pt x 83.31104pt.

Overfull \hbox (43.15997pt too wide) in paragraph at lines 38--39
 [] 
 []

<./images/7-11.png, id=408, 506.89375pt x 172.645pt>
File: ./images/7-11.png Graphic file (type png)
<use ./images/7-11.png>
Package pdftex.def Info: ./images/7-11.png  used on input line 42.
(pdftex.def)             Requested size: 506.89252pt x 172.64456pt.

Overfull \hbox (37.1375pt too wide) in paragraph at lines 42--43
 [] 
 []

pdfTeX warning (ext4): destination with the same identifier (name{eN.3}) has been already used, duplicate ignored
<to be read again> 
                   \relax 
l.46 	$
       \dot{n} = (GN_0 - k)n - Gn^2$\\
<./images/7-12.png, id=409, 270.00874pt x 250.9375pt>
File: ./images/7-12.png Graphic file (type png)
<use ./images/7-12.png>
Package pdftex.def Info: ./images/7-12.png  used on input line 51.
(pdftex.def)             Requested size: 216.00728pt x 200.75026pt.
 [25 <./images/7-10.png> <./images/7-11.png>]) [26 <./images/7-12.png>]
\openout2 = `math302lecture9.aux'.

 (./math302lecture9.tex
Underfull \hbox (badness 10000) in paragraph at lines 46--49

 []

[27


]pdfTeX warning (ext4): destination with the same identifier (name{dN.1}) has been already used, duplicate ignored
<to be read again> 
                   \relax 
l.61 	T
       he ODE $M(x,y) + N(x,y)\dfrac{dy}{dx} = 0$ is called \underline{exact...

Package amsmath Warning: Cannot use `split' here;
(amsmath)                trying to recover with `aligned' on input line 66.

pdfTeX warning (ext4): destination with the same identifier (name{tN.1}) has been already used, duplicate ignored
<to be read again> 
                   \relax 
l.71 	L
       et $M(x,y) + N(x,y)\dfrac{dy}{dx} = 0$ be exact o some open region $R...pdfTeX warning (ext4): destination with the same identifier (name{eN.1}) has been already used, duplicate ignored
<to be read again> 
                   \relax 
l.77 	S
       olve $(3x^2-2xy+2) + (6y^2 - x^2 + 3)y' = 0$, $y(1)=0$\\pdfTeX warning (ext4): destination with the same identifier (name{eN.2}) has been already used, duplicate ignored
<to be read again> 
                   \relax 
l.98 	S
       olve $2x + y^2 + 2xyy'=0$, $y(1) = 1$\\ [28]
Underfull \hbox (badness 10000) in paragraph at lines 130--131

 []

) [29]
\openout2 = `math302lecture10.aux'.

 (./math302lecture10.texpdfTeX warning (ext4): destination with the same identifier (name{dN.1}) has been already used, duplicate ignored
<to be read again> 
                   \relax 
l.15 	A
        2nd order ODE is called \underline{linear} if it can be writtenpdfTeX warning (ext4): destination with the same identifier (name{dN.2}) has been already used, duplicate ignored
<to be read again> 
                   \relax 
l.30 	I
       f $g(t) \equiv 0$, then a linear ODE is called \underline{homogeneous}.pdfTeX warning (ext4): destination with the same identifier (name{dN.3}) has been already used, duplicate ignored
<to be read again> 
                   \relax 
l.33 	A
       n IVP with a 2nd order ODE continuous 2 pieces of initial data, usual...
Underfull \hbox (badness 10000) in paragraph at lines 35--39

 []

[30


]pdfTeX warning (ext4): destination with the same identifier (name{eN.1}) has been already used, duplicate ignored
<to be read again> 
                   \relax 
l.52 	S
       uppose $a =1$, $b = 0$, $c = -1$, Then ($\ast \ast$) is $y'' - y = 0$...

Package amsmath Warning: Cannot use `split' here;
(amsmath)                trying to recover with `aligned' on input line 59.

pdfTeX warning (ext4): destination with the same identifier (name{eN.2}) has been already used, duplicate ignored
<to be read again> 
                   \relax 
l.69 	$
       2y'' + 8y' -10y = 0$\\
Underfull \hbox (badness 10000) in paragraph at lines 77--81

 []

) [31]
\openout2 = `math302lecture11.aux'.

 (./math302lecture11.tex) [32


]
\openout2 = `math302lecture12.aux'.

 (./math302lecture12.tex
Underfull \hbox (badness 10000) in paragraph at lines 15--18

 []


Underfull \hbox (badness 10000) in paragraph at lines 57--61

 []

[33


]pdfTeX warning (ext4): destination with the same identifier (name{tN.1}) has been already used, duplicate ignored
<to be read again> 
                   \relax 
l.79 	S
       uppose $y_1$, $y_2$ are 2 solutions to $l[y] = 0$ and at the initial ...pdfTeX warning (ext4): destination with the same identifier (name{tN.2}) has been already used, duplicate ignored
<to be read again> 
                   \relax 
l.89 	I
       f $y_1$, $y_2$ both solve $L[y] = 0$, and if $\exists t_0$ where $W =...
Underfull \hbox (badness 10000) in paragraph at lines 94--95

 []

pdfTeX warning (ext4): destination with the same identifier (name{eN.1}) has been already used, duplicate ignored
<to be read again> 
                   \relax 
l.96 	S
       uppose $y_1 = e^{\Gamma_1 t}$ and $y_2 = e^{\Gamma_2 t}$ both solve $...
Underfull \hbox (badness 10000) in paragraph at lines 107--111

 []

[34]) [35]
\openout2 = `math302lecture13.aux'.

 (./math302lecture13.tex
Underfull \hbox (badness 10000) in paragraph at lines 16--20

 []

pdfTeX warning (ext4): destination with the same identifier (name{eN.1}) has been already used, duplicate ignored
<to be read again> 
                   \relax 
l.60 	$
       y'' + y = 0$. Roots of $\Gamma^2 + 1 = 0$ are $\Gamma = \pm i$. Here ... [36


]pdfTeX warning (ext4): destination with the same identifier (name{eN.2}) has been already used, duplicate ignored
<to be read again> 
                   \relax 
l.66 	S
       olve the IVP $y'' + 4y' + 13y = 0$, $y(0) = 2$, $y'(0) = 7$\\
Underfull \hbox (badness 10000) in paragraph at lines 66--69

 []

) [37]
\openout2 = `math302lecture14.aux'.

 (./math302lecture14.texpdfTeX warning (ext4): destination with the same identifier (name{eN.1}) has been already used, duplicate ignored
<to be read again> 
                   \relax 
l.45 	$
       y_1(t) = \frac{1}{t}$ solves $t^2y'' + cty' + y = 0$ on the interval ... [38


]
Underfull \hbox (badness 10000) in paragraph at lines 89--92

 []

[39]pdfTeX warning (ext4): destination with the same identifier (name{eN.2}) has been already used, duplicate ignored
<to be read again> 
                   \relax 
l.113 	S
        olve $25y'' - 20y' + 4y = 0, \quad y(0) = 5, y'(0) = \frac{3}{2}$\\
Underfull \hbox (badness 10000) in paragraph at lines 113--115

 []

) [40]
\openout2 = `math302lecture15.aux'.

 (./math302lecture15.tex
Underfull \hbox (badness 10000) in paragraph at lines 18--21

 []

[41


]pdfTeX warning (ext4): destination with the same identifier (name{eN.1}) has been already used, duplicate ignored
<to be read again> 
                   \relax 
l.51 	S
       olve $y'' - 2y' -2y = 3e^{2t}$\\
Underfull \hbox (badness 10000) in paragraph at lines 51--54

 []


Underfull \hbox (badness 10000) in paragraph at lines 58--59

 []

pdfTeX warning (ext4): destination with the same identifier (name{eN.2}) has been already used, duplicate ignored
<to be read again> 
                   \relax 
l.60 	S
       olve $y'' - 2y' -3y = 3 \sin 3t$\\) [42]
\openout2 = `math302lecture16.aux'.

 (./math302lecture16.texpdfTeX warning (ext4): destination with the same identifier (name{eN.1}) has been already used, duplicate ignored
<to be read again> 
                   \relax 
l.4 	S
      olve $y'' - 2y' -3y = 4e^{-t}$\\pdfTeX warning (ext4): destination with the same identifier (name{eN.2}) has been already used, duplicate ignored
<to be read again> 
                   \relax 
l.9 	S
      olve $y'' - 4y' + 4 = 12e^{2t}$\\pdfTeX warning (ext4): destination with the same identifier (name{eN.3}) has been already used, duplicate ignored
<to be read again> 
                   \relax 
l.14 	S
       olve $y'' - 4y' + 4y = 3t^3e^{-2t}$\\
Underfull \hbox (badness 10000) in paragraph at lines 30--32

 []


Underfull \hbox (badness 10000) in paragraph at lines 35--37

 []

[43


]
Underfull \hbox (badness 10000) in paragraph at lines 76--80

 []


Underfull \hbox (badness 10000) in paragraph at lines 76--80

 []

) [44]
\openout2 = `math302lecture17.aux'.

 (./math302lecture17.tex
Underfull \hbox (badness 10000) in paragraph at lines 11--14

 []

) [45


]
\openout2 = `math302lecture18.aux'.

 (./math302lecture18.tex
Underfull \hbox (badness 10000) in paragraph at lines 12--15

 []

pdfTeX warning (ext4): destination with the same identifier (name{eN.1}) has been already used, duplicate ignored
<to be read again> 
                   \relax 
l.18 		S
        uppose $(\star)$ has all red distinct roots $\Gamma_1 \neq \Gamma_1 ...pdfTeX warning (ext4): destination with the same identifier (name{eN.2}) has been already used, duplicate ignored
<to be read again> 
                   \relax 
l.21 		F
        or repeated roots, the pattern is similar to the 2nd order version. [46


]) [47]
\openout2 = `math302lecture19.aux'.

 (./math302lecture19.tex [48


]pdfTeX warning (ext4): destination with the same identifier (name{tN.1}) has been already used, duplicate ignored
<to be read again> 
                   \relax 
l.57 	I
       n ($\star$), let $F_1, \cdots, F_n$ \underline{and} all of) [49]
\openout2 = `math302lecture20.aux'.

 (./math302lecture20.tex [50


]
Underfull \hbox (badness 10000) in paragraph at lines 99--103

 []

pdfTeX warning (ext4): destination with the same identifier (name{eN.1}) has been already used, duplicate ignored
<to be read again> 
                   \relax 
l.111 		L
         et $A = \begin{bmatrix}
Underfull \hbox (badness 10000) in paragraph at lines 111--114

 []

) [51]
\openout2 = `math302lecture21.aux'.

 (./math302lecture21.tex
Underfull \hbox (badness 10000) in paragraph at lines 25--27

 []


Underfull \hbox (badness 10000) in paragraph at lines 59--62

 []

pdfTeX warning (ext4): destination with the same identifier (name{eN.1}) has been already used, duplicate ignored
<to be read again> 
                   \relax 
l.69 		$
        \vec{x}' = \begin{bmatrix} [52


]
Overfull \hbox (53.59807pt too wide) in paragraph at lines 148--149
[]\OT1/cmr/bx/n/10.95 Definition. []$[] [][]\OML/cmm/m/it/10.95 X\OT1/cmr/m/n/10.95 (\OML/cmm/m/it/10.95 t\OT1/cmr/m/n/10.95 )$ is called the $[]$ of the so-lu-tion set, and de-noted $\OML/cmm/m/it/10.95 W\OT1/cmr/m/n/10.95 ([]\OML/cmm/m/it/10.95 X[]; []  ; []X[]\OT1/cmr/m/n/10.95 )$ 
 []


Overfull \hbox (35.19774pt too wide) in paragraph at lines 154--155
[]\OT1/cmr/bx/n/10.95 Definition. []\OT1/cmr/m/n/10.95 If $[]\OML/cmm/m/it/10.95 X[]; []  ; []X[]$ \OT1/cmr/m/n/10.95 one all so-lu-tions to the n-dimension $[]\OML/cmm/m/it/10.95 x[] \OT1/cmr/m/n/10.95 = \U/msb/m/n/10.95 P\OT1/cmr/m/n/10.95 (\OML/cmm/m/it/10.95 t\OT1/cmr/m/n/10.95 )[]\OML/cmm/m/it/10.95 x$ \OT1/cmr/m/n/10.95 on I and $\OML/cmm/m/it/10.95 W\OT1/cmr/m/n/10.95 ([]\OML/cmm/m/it/10.95 X[]; []  ; []X[]\OT1/cmr/m/n/10.95 ) \OMS/cmsy/m/n/10.95 6\OT1/cmr/m/n/10.95 =
 []

pdfTeX warning (ext4): destination with the same identifier (name{eN.2}) has been already used, duplicate ignored
<to be read again> 
                   \relax 
l.157 	G
        iven $\vec{x}' = \begin{bmatrix} [53]) [54]
\openout2 = `math302lecture22.aux'.

 (./math302lecture22.tex
<./images/22-1.png, id=633, 402.50375pt x 317.185pt>
File: ./images/22-1.png Graphic file (type png)
<use ./images/22-1.png>
Package pdftex.def Info: ./images/22-1.png  used on input line 10.
(pdftex.def)             Requested size: 201.25137pt x 158.5921pt.
pdfTeX warning (ext4): destination with the same identifier (name{eN.1}) has been already used, duplicate ignored
<to be read again> 
                   \relax 
l.22 		L
        et $A = \begin{bmatrix}
<./images/22-2.png, id=634, 215.80624pt x 234.8775pt>
File: ./images/22-2.png Graphic file (type png)
<use ./images/22-2.png>
Package pdftex.def Info: ./images/22-2.png  used on input line 56.
(pdftex.def)             Requested size: 129.48474pt x 140.92758pt.
 [55


 <./images/22-1.png>]
<./images/22-3.png, id=648, 126.4725pt x 180.675pt>
File: ./images/22-3.png Graphic file (type png)
<use ./images/22-3.png>
Package pdftex.def Info: ./images/22-3.png  used on input line 75.
(pdftex.def)             Requested size: 126.47218pt x 180.67455pt.
) [56 <./images/22-2.png> <./images/22-3.png>]
\openout2 = `math302lecture23.aux'.

 (./math302lecture23.tex [57


]
<./images/23-1.png, id=672, 165.61874pt x 191.71625pt>
File: ./images/23-1.png Graphic file (type png)
<use ./images/23-1.png>
Package pdftex.def Info: ./images/23-1.png  used on input line 101.
(pdftex.def)             Requested size: 165.61833pt x 191.71577pt.
 [58 <./images/23-1.png>]) [59]
\openout2 = `math302lecture24.aux'.

 (./math302lecture24.texpdfTeX warning (ext4): destination with the same identifier (name{eN.1}) has been already used, duplicate ignored
<to be read again> 
                   \relax 
l.7 		$
       \vec{x}' = \begin{bmatrix}
<./images/24-1.png, id=689, 175.65625pt x 115.43124pt>
File: ./images/24-1.png Graphic file (type png)
<use ./images/24-1.png>
Package pdftex.def Info: ./images/24-1.png  used on input line 25.
(pdftex.def)             Requested size: 175.6558pt x 115.43095pt.
pdfTeX warning (ext4): destination with the same identifier (name{eN.2}) has been already used, duplicate ignored
<to be read again> 
                   \relax 
l.29 		$
        \vec{x}' = \begin{bmatrix}pdfTeX warning (ext4): destination with the same identifier (name{eN.3}) has been already used, duplicate ignored
<to be read again> 
                   \relax 
l.53 		$
        \vec{x}' = \begin{bmatrix} [60


 <./images/24-1.png>]pdfTeX warning (ext4): destination with the same identifier (name{eN.4}) has been already used, duplicate ignored
<to be read again> 
                   \relax 
l.85 		$
        \vec{x}' = \begin{bmatrix}
Underfull \hbox (badness 10000) in paragraph at lines 92--96

 []

[61]
<./images/24-2.png, id=710, 193.72375pt x 190.7125pt>
File: ./images/24-2.png Graphic file (type png)
<use ./images/24-2.png>
Package pdftex.def Info: ./images/24-2.png  used on input line 133.
(pdftex.def)             Requested size: 116.23514pt x 114.42838pt.
<./images/24-3.png, id=711, 190.7125pt x 159.59625pt>
File: ./images/24-3.png Graphic file (type png)
<use ./images/24-3.png>
Package pdftex.def Info: ./images/24-3.png  used on input line 155.
(pdftex.def)             Requested size: 133.49782pt x 111.7166pt.
<./images/24-5.png, id=712, 245.91875pt x 199.74625pt>
File: ./images/24-5.png Graphic file (type png)
<use ./images/24-5.png>
Package pdftex.def Info: ./images/24-5.png  used on input line 175.
(pdftex.def)             Requested size: 147.55237pt x 119.84866pt.
) [62 <./images/24-2.png> <./images/24-3.png> <./images/24-5.png>]
\openout2 = `math302lecture25.aux'.

 (./math302lecture25.texpdfTeX warning (ext4): destination with the same identifier (name{eN.1}) has been already used, duplicate ignored
<to be read again> 
                   \relax 
l.13 	$
       \vec{x}' = \begin{bmatrix}
Underfull \hbox (badness 10000) in paragraph at lines 58--62

 []

[63


]
Underfull \hbox (badness 10000) in paragraph at lines 84--94

 []


Underfull \hbox (badness 10000) in paragraph at lines 84--94

 []

) [64]
\openout2 = `math302lecture26.aux'.

 (./math302lecture26.tex) [65


]
Package atveryend Info: Empty hook `BeforeClearDocument' on input line 451.
Package atveryend Info: Empty hook `AfterLastShipout' on input line 451.
 (/Users/kaushiksrini/OneDrive - Johns Hopkins University/LaTeX Notes/110.302 - Differential Equations/.texpadtmp/math302.aux (/Users/kaushiksrini/OneDrive - Johns Hopkins University/LaTeX Notes/110.302 - Differential Equations/.texpadtmp/math302lecture1.aux) (/Users/kaushiksrini/OneDrive - Johns Hopkins University/LaTeX Notes/110.302 - Differential Equations/.texpadtmp/math302lecture2.aux) (/Users/kaushiksrini/OneDrive - Johns Hopkins University/LaTeX Notes/110.302 - Differential Equations/.texpadtmp/math302lecture3.aux) (/Users/kaushiksrini/OneDrive - Johns Hopkins University/LaTeX Notes/110.302 - Differential Equations/.texpadtmp/math302lecture4.aux) (/Users/kaushiksrini/OneDrive - Johns Hopkins University/LaTeX Notes/110.302 - Differential Equations/.texpadtmp/math302lecture5.aux) (/Users/kaushiksrini/OneDrive - Johns Hopkins University/LaTeX Notes/110.302 - Differential Equations/.texpadtmp/math302lecture6.aux) (/Users/kaushiksrini/OneDrive - Johns Hopkins University/LaTeX Notes/110.302 - Differential Equations/.texpadtmp/math302lecture7.aux) (/Users/kaushiksrini/OneDrive - Johns Hopkins University/LaTeX Notes/110.302 - Differential Equations/.texpadtmp/math302lecture8.aux) (/Users/kaushiksrini/OneDrive - Johns Hopkins University/LaTeX Notes/110.302 - Differential Equations/.texpadtmp/math302lecture9.aux) (/Users/kaushiksrini/OneDrive - Johns Hopkins University/LaTeX Notes/110.302 - Differential Equations/.texpadtmp/math302lecture10.aux) (/Users/kaushiksrini/OneDrive - Johns Hopkins University/LaTeX Notes/110.302 - Differential Equations/.texpadtmp/math302lecture11.aux) (/Users/kaushiksrini/OneDrive - Johns Hopkins University/LaTeX Notes/110.302 - Differential Equations/.texpadtmp/math302lecture12.aux) (/Users/kaushiksrini/OneDrive - Johns Hopkins University/LaTeX Notes/110.302 - Differential Equations/.texpadtmp/math302lecture13.aux) (/Users/kaushiksrini/OneDrive - Johns Hopkins University/LaTeX Notes/110.302 - Differential Equations/.texpadtmp/math302lecture14.aux)
(/Users/kaushiksrini/OneDrive - Johns Hopkins University/LaTeX Notes/110.302 - Differential Equations/.texpadtmp/math302lecture15.aux) (/Users/kaushiksrini/OneDrive - Johns Hopkins University/LaTeX Notes/110.302 - Differential Equations/.texpadtmp/math302lecture16.aux) (/Users/kaushiksrini/OneDrive - Johns Hopkins University/LaTeX Notes/110.302 - Differential Equations/.texpadtmp/math302lecture17.aux) (/Users/kaushiksrini/OneDrive - Johns Hopkins University/LaTeX Notes/110.302 - Differential Equations/.texpadtmp/math302lecture18.aux) (/Users/kaushiksrini/OneDrive - Johns Hopkins University/LaTeX Notes/110.302 - Differential Equations/.texpadtmp/math302lecture19.aux) (/Users/kaushiksrini/OneDrive - Johns Hopkins University/LaTeX Notes/110.302 - Differential Equations/.texpadtmp/math302lecture20.aux) (/Users/kaushiksrini/OneDrive - Johns Hopkins University/LaTeX Notes/110.302 - Differential Equations/.texpadtmp/math302lecture21.aux) (/Users/kaushiksrini/OneDrive - Johns Hopkins University/LaTeX Notes/110.302 - Differential Equations/.texpadtmp/math302lecture22.aux) (/Users/kaushiksrini/OneDrive - Johns Hopkins University/LaTeX Notes/110.302 - Differential Equations/.texpadtmp/math302lecture23.aux) (/Users/kaushiksrini/OneDrive - Johns Hopkins University/LaTeX Notes/110.302 - Differential Equations/.texpadtmp/math302lecture24.aux) (/Users/kaushiksrini/OneDrive - Johns Hopkins University/LaTeX Notes/110.302 - Differential Equations/.texpadtmp/math302lecture25.aux) (/Users/kaushiksrini/OneDrive - Johns Hopkins University/LaTeX Notes/110.302 - Differential Equations/.texpadtmp/math302lecture26.aux))
Package atveryend Info: Executing hook `AtVeryEndDocument' on input line 451.
Package atveryend Info: Executing hook `AtEndAfterFileList' on input line 451.
Package rerunfilecheck Info: File `math302.out' has not changed.
(rerunfilecheck)             Checksum: <no file>.
 ) 
Here is how much of TeX's memory you used:
 39190 strings out of 492649
 954362 string characters out of 6129622
 1257075 words of memory out of 5000000
 41850 multiletter control sequences out of 15000+600000
 23859 words of font info for 97 fonts, out of 8000000 for 9000
 1141 hyphenation exceptions out of 8191
 78i,29n,136p,1057b,2304s stack positions out of 5000i,500n,10000p,200000b,80000s
</usr/local/texlive/2018/texmf-dist/fonts/type1/public/amsfonts/cm/cmbx10.pfb></usr/local/texlive/2018/texmf-dist/fonts/type1/public/amsfonts/cm/cmbx12.pfb></usr/local/texlive/2018/texmf-dist/fonts/type1/public/amsfonts/cm/cmbx8.pfb></usr/local/texlive/2018/texmf-dist/fonts/type1/public/amsfonts/cm/cmex10.pfb></usr/local/texlive/2018/texmf-dist/fonts/type1/public/amsfonts/cmextra/cmex8.pfb></usr/local/texlive/2018/texmf-dist/fonts/type1/public/amsfonts/cm/cmmi10.pfb></usr/local/texlive/2018/texmf-dist/fonts/type1/public/amsfonts/cm/cmmi12.pfb></usr/local/texlive/2018/texmf-dist/fonts/type1/public/amsfonts/cm/cmmi6.pfb></usr/local/texlive/2018/texmf-dist/fonts/type1/public/amsfonts/cm/cmmi8.pfb></usr/local/texlive/2018/texmf-dist/fonts/type1/public/amsfonts/cm/cmr10.pfb></usr/local/texlive/2018/texmf-dist/fonts/type1/public/amsfonts/cm/cmr12.pfb></usr/local/texlive/2018/texmf-dist/fonts/type1/public/amsfonts/cm/cmr17.pfb></usr/local/texlive/2018/texmf-dist/fonts/type1/public/amsfonts/cm/cmr6.pfb></usr/local/texlive/2018/texmf-dist/fonts/type1/public/amsfonts/cm/cmr8.pfb></usr/local/texlive/2018/texmf-dist/fonts/type1/public/amsfonts/cm/cmsy10.pfb></usr/local/texlive/2018/texmf-dist/fonts/type1/public/amsfonts/cm/cmsy6.pfb></usr/local/texlive/2018/texmf-dist/fonts/type1/public/amsfonts/cm/cmsy8.pfb></usr/local/texlive/2018/texmf-dist/fonts/type1/public/amsfonts/cm/cmti10.pfb></usr/local/texlive/2018/texmf-dist/fonts/type1/public/amsfonts/cm/cmtt10.pfb></usr/local/texlive/2018/texmf-dist/fonts/type1/public/amsfonts/latxfont/line10.pfb></usr/local/texlive/2018/texmf-dist/fonts/type1/public/amsfonts/symbols/msam10.pfb></usr/local/texlive/2018/texmf-dist/fonts/type1/public/amsfonts/symbols/msbm10.pfb>
Output written on "/Users/kaushiksrini/OneDrive - Johns Hopkins University/LaTeX Notes/110.302 - Differential Equations/.texpadtmp/math302.pdf" (67 pages, 1597247 bytes).
PDF statistics:
 882 PDF objects out of 1000 (max. 8388607)
 712 compressed objects within 8 object streams
 312 named destinations out of 1000 (max. 500000)
 456 words of extra memory for PDF output out of 10000 (max. 10000000)

